2026-03-27 07:01:15 [INFO] DDP 初始化成功,world_size=4,日志目录=/home/algo002/work/SiameseAnomalyNet/logs/AbnormalClass/Siamese-Merged-0327-HomBlock-2
2026-03-27 07:01:15 [INFO] 已保存解析后配置至 paras_resolved.json
2026-03-27 07:01:15 [INFO] 正在进行 H5 数据集校验...
2026-03-27 07:01:20 [INFO] ========================================
2026-03-27 07:01:20 [INFO] 训练集样本统计
2026-03-27 07:01:20 [INFO] ========================================
2026-03-27 07:01:20 [INFO] 总样本数: 42616
2026-03-27 07:01:20 [INFO]   ├─ 有差异对 (label=1): 21308 (50.0%)
2026-03-27 07:01:20 [INFO]   │   ├─ A正常 vs B异常: 10654
2026-03-27 07:01:20 [INFO]   │   └─ A异常 vs B正常: 10654
2026-03-27 07:01:20 [INFO]   └─ 无差异对 (label=0): 21308 (50.0%)
2026-03-27 07:01:20 [INFO]      └─ A正常 vs B正常: 21308
2026-03-27 07:01:20 [INFO] 同源配对统计:
2026-03-27 07:01:20 [INFO]   └─ 无同源正常被跳过的异常染色体: 654
2026-03-27 07:01:20 [INFO] ============================================================
2026-03-27 07:01:20 [INFO] 正在生成训练样本可视化(前 3 个 batch)...
2026-03-27 07:01:22 [INFO]   Batch 0: 4 样本已保存
2026-03-27 07:01:49 [INFO] DDP 初始化成功,world_size=4,日志目录=/home/algo002/work/SiameseAnomalyNet/logs/AbnormalClass/Siamese-Merged-0327-HomBlock-2
2026-03-27 07:01:49 [INFO] 已保存解析后配置至 paras_resolved.json
2026-03-27 07:01:49 [INFO] 正在进行 H5 数据集校验...
2026-03-27 07:02:13 [INFO] DDP 初始化成功,world_size=4,日志目录=/home/algo002/work/SiameseAnomalyNet/logs/AbnormalClass/Siamese-Merged-0327-HomBlock-2
2026-03-27 07:02:13 [INFO] 已保存解析后配置至 paras_resolved.json
2026-03-27 07:02:13 [INFO] 正在进行 H5 数据集校验...
2026-03-27 07:02:18 [INFO] ========================================
2026-03-27 07:02:18 [INFO] 训练集样本统计
2026-03-27 07:02:18 [INFO] ========================================
2026-03-27 07:02:18 [INFO] 总样本数: 42616
2026-03-27 07:02:18 [INFO]   ├─ 有差异对 (label=1): 21308 (50.0%)
2026-03-27 07:02:18 [INFO]   │   ├─ A正常 vs B异常: 10654
2026-03-27 07:02:18 [INFO]   │   └─ A异常 vs B正常: 10654
2026-03-27 07:02:18 [INFO]   └─ 无差异对 (label=0): 21308 (50.0%)
2026-03-27 07:02:18 [INFO]      └─ A正常 vs B正常: 21308
2026-03-27 07:02:18 [INFO] 同源配对统计:
2026-03-27 07:02:18 [INFO]   └─ 无同源正常被跳过的异常染色体: 654
2026-03-27 07:02:18 [INFO] ============================================================
2026-03-27 07:02:18 [INFO] 正在生成训练样本可视化(前 3 个 batch)...
2026-03-27 07:02:20 [INFO]   Batch 0: 4 样本已保存
2026-03-27 07:02:22 [INFO]   Batch 1: 4 样本已保存
2026-03-27 07:02:24 [INFO]   Batch 2: 4 样本已保存
2026-03-27 07:02:25 [INFO] 可视化完成,共 3 张图,保存至: ./logs/AbnormalClass/Siamese-Merged-0327-HomBlock-2/visualization
2026-03-27 07:02:26 [INFO] ========================================
2026-03-27 07:02:26 [INFO] 验证集样本统计
2026-03-27 07:02:26 [INFO] ========================================
2026-03-27 07:02:26 [INFO] 总样本数: 12144
2026-03-27 07:02:26 [INFO]   ├─ 有差异对 (label=1): 6072 (50.0%)
2026-03-27 07:02:26 [INFO]   │   ├─ A正常 vs B异常: 3036
2026-03-27 07:02:26 [INFO]   │   └─ A异常 vs B正常: 3036
2026-03-27 07:02:26 [INFO]   └─ 无差异对 (label=0): 6072 (50.0%)
2026-03-27 07:02:26 [INFO]      └─ A正常 vs B正常: 6072
2026-03-27 07:02:26 [INFO] ========================================
2026-03-27 07:02:26 [INFO] 构建模型: backbone=resnet18, pretrained=True, pretrained_path=/home/algo002/work/SiameseAnomalyNet/pretrain/resnet18-f37072fd.pth, dropout=0.3
2026-03-27 07:02:27 [INFO] 训练开始：保存代码与配置快照至 /home/algo002/work/SiameseAnomalyNet/logs/AbnormalClass/Siamese-Merged-0327-HomBlock-2
2026-03-27 07:03:53 [INFO] lr=0.0001 | Epoch 1/200 | train_loss=0.7869 | train acc=0.5559 auc=0.5797 f1=0.6342 spec=0.3408 sens=0.7725 prec=0.5379 npv=0.6013 ||||| val_loss=0.7507 | val acc=0.5935 auc=0.6429 f1=0.6722 spec=0.3538 sens=0.8333 prec=0.5632 npv=0.6797 | early_stop=0/15 | BEST_SAVE AUC=0.6429
2026-03-27 07:05:20 [INFO] lr=0.0001 | Epoch 2/200 | train_loss=0.7472 | train acc=0.6011 auc=0.6608 f1=0.6650 spec=0.4101 sens=0.7922 prec=0.5731 npv=0.6637 ||||| val_loss=0.6902 | val acc=0.6617 auc=0.7300 f1=0.6356 spec=0.7335 sens=0.5899 prec=0.6888 npv=0.6414 | early_stop=0/15 | BEST_SAVE AUC=0.7300
2026-03-27 07:06:43 [INFO] lr=0.0001 | Epoch 3/200 | train_loss=0.7107 | train acc=0.6412 auc=0.7185 f1=0.6699 spec=0.5522 sens=0.7308 prec=0.6184 npv=0.6737 ||||| val_loss=0.6477 | val acc=0.6936 auc=0.7661 f1=0.6789 spec=0.7393 sens=0.6479 prec=0.7131 npv=0.6774 | early_stop=0/15 | BEST_SAVE AUC=0.7661
