2026-03-26 03:41:08 [INFO] DDP 初始化成功，world_size=4，日志目录=/home/algo002/work/SiameseAnomalyNet/logs/AbnormalClass/Siamese-Merged-0326-HomBlock-2
2026-03-26 03:41:08 [INFO] 已保存解析后配置至 paras_resolved.json
2026-03-26 03:41:08 [INFO] 正在进行 H5 数据集校验...
2026-03-26 03:41:14 [INFO] ============================================================
2026-03-26 03:41:14 [INFO] 训练集样本统计
2026-03-26 03:41:14 [INFO] ============================================================
2026-03-26 03:41:14 [INFO] 总样本数: 42988
2026-03-26 03:41:14 [INFO]   ├─ 有差异对 (label=1): 21494 (50.0%)
2026-03-26 03:41:14 [INFO]   │   ├─ A正常 vs B异常: 10747
2026-03-26 03:41:14 [INFO]   │   └─ A异常 vs B正常: 10747
2026-03-26 03:41:14 [INFO]   └─ 无差异对 (label=0): 21494 (50.0%)
2026-03-26 03:41:14 [INFO]      └─ A正常 vs B正常: 21494
2026-03-26 03:41:14 [INFO] 同源配对统计:
2026-03-26 03:41:14 [INFO]   └─ 无同源正常被跳过的异常染色体: 657
2026-03-26 03:41:14 [INFO] ============================================================
2026-03-26 03:41:14 [INFO] 正在生成训练样本可视化(前 3 个 batch)...
2026-03-26 03:41:15 [INFO]   Batch 0: 4 样本已保存
2026-03-26 03:41:16 [INFO]   Batch 1: 4 样本已保存
2026-03-26 03:41:18 [INFO]   Batch 2: 4 样本已保存
2026-03-26 03:41:18 [INFO] 可视化完成，共 3 张图，保存至: ./logs/AbnormalClass/Siamese-Merged-0326-HomBlock-2/visualization
2026-03-26 03:41:19 [INFO] ============================================================
2026-03-26 03:41:19 [INFO] 验证集样本统计 (Siamese 对称配对)
2026-03-26 03:41:19 [INFO] ============================================================
2026-03-26 03:41:19 [INFO] 总样本数: 11772
2026-03-26 03:41:19 [INFO]   ├─ 有差异对 (label=1): 5886 (50.0%)
2026-03-26 03:41:19 [INFO]   │   ├─ A正常 vs B异常: 2943
2026-03-26 03:41:19 [INFO]   │   └─ A异常 vs B正常: 2943
2026-03-26 03:41:19 [INFO]   └─ 无差异对 (label=0): 5886 (50.0%)
2026-03-26 03:41:19 [INFO]      └─ A正常 vs B正常: 5886
2026-03-26 03:41:19 [INFO] ============================================================
2026-03-26 03:41:19 [INFO] 构建模型: backbone=resnet18, pretrained=True, pretrained_path=/home/algo002/work/SiameseAnomalyNet/pretrain/resnet18-f37072fd.pth, dropout=0.5
2026-03-26 03:41:20 [INFO] 训练开始：保存代码与配置快照至 /home/algo002/work/SiameseAnomalyNet/logs/AbnormalClass/Siamese-Merged-0326-HomBlock-2
2026-03-26 03:42:31 [INFO] lr=5e-06 | Epoch 1/500 | train_loss=0.7329 | train acc=0.5224 f1=0.5725 spec=0.4035 prec=0.5164 rec=0.6421 ||||| val_loss=0.6762 | val acc=0.5725 auc=0.6014 f1=0.5972 spec=0.5112 prec=0.5646 rec=0.6339 | early_stop=0/15 | BEST_SAVE AUC=0.6014
2026-03-26 03:43:46 [INFO] lr=5e-06 | Epoch 2/500 | train_loss=0.6992 | train acc=0.5482 f1=0.5517 spec=0.5385 prec=0.5457 rec=0.5579 ||||| val_loss=0.6735 | val acc=0.5759 auc=0.6062 f1=0.6217 spec=0.4546 prec=0.5611 rec=0.6971 | early_stop=0/15 | BEST_SAVE AUC=0.6062
2026-03-26 03:45:02 [INFO] lr=5e-06 | Epoch 3/500 | train_loss=0.6903 | train acc=0.5574 f1=0.5661 spec=0.5358 prec=0.5537 rec=0.5791 ||||| val_loss=0.6697 | val acc=0.5812 auc=0.6174 f1=0.6289 spec=0.4526 prec=0.5646 rec=0.7098 | early_stop=0/15 | BEST_SAVE AUC=0.6174
2026-03-26 03:46:15 [INFO] lr=5e-06 | Epoch 4/500 | train_loss=0.6866 | train acc=0.5644 f1=0.5820 spec=0.5232 prec=0.5604 rec=0.6053 ||||| val_loss=0.6655 | val acc=0.5924 auc=0.6312 f1=0.6627 spec=0.3841 prec=0.5652 rec=0.8007 | early_stop=0/15 | BEST_SAVE AUC=0.6312
2026-03-26 03:47:31 [INFO] lr=5e-06 | Epoch 5/500 | train_loss=0.6827 | train acc=0.5715 f1=0.5951 spec=0.5160 prec=0.5668 rec=0.6264 ||||| val_loss=0.6596 | val acc=0.5957 auc=0.6410 f1=0.6579 spec=0.4137 prec=0.5701 rec=0.7776 | early_stop=0/15 | BEST_SAVE AUC=0.6410
2026-03-26 03:48:45 [INFO] lr=5e-06 | Epoch 6/500 | train_loss=0.6787 | train acc=0.5790 f1=0.6071 spec=0.5064 prec=0.5682 rec=0.6518 ||||| val_loss=0.6536 | val acc=0.6095 auc=0.6617 f1=0.6533 spec=0.4830 prec=0.5874 rec=0.7360 | early_stop=0/15 | BEST_SAVE AUC=0.6617
2026-03-26 03:50:02 [INFO] lr=5e-06 | Epoch 7/500 | train_loss=0.6716 | train acc=0.5914 f1=0.6176 spec=0.5223 prec=0.5800 rec=0.6605 ||||| val_loss=0.6403 | val acc=0.6360 auc=0.6905 f1=0.6327 spec=0.6451 prec=0.6385 rec=0.6269 | early_stop=0/15 | BEST_SAVE AUC=0.6905
2026-03-26 03:51:14 [INFO] lr=5e-06 | Epoch 8/500 | train_loss=0.6630 | train acc=0.6035 f1=0.6187 spec=0.5652 prec=0.5974 rec=0.6416 ||||| val_loss=0.6190 | val acc=0.6523 auc=0.7143 f1=0.6031 spec=0.7762 prec=0.7025 rec=0.5284 | early_stop=0/15 | BEST_SAVE AUC=0.7143
2026-03-26 03:52:26 [INFO] lr=5e-06 | Epoch 9/500 | train_loss=0.6527 | train acc=0.6177 f1=0.6146 spec=0.6258 prec=0.6197 rec=0.6095 ||||| val_loss=0.6086 | val acc=0.6589 auc=0.7259 f1=0.5938 spec=0.8192 prec=0.7339 rec=0.4986 | early_stop=0/15 | BEST_SAVE AUC=0.7259
2026-03-26 03:53:37 [INFO] lr=5e-06 | Epoch 10/500 | train_loss=0.6459 | train acc=0.6304 f1=0.6208 spec=0.6580 prec=0.6398 rec=0.6030 ||||| val_loss=0.6045 | val acc=0.6649 auc=0.7334 f1=0.5886 spec=0.8503 prec=0.7621 rec=0.4794 | early_stop=0/15 | BEST_SAVE AUC=0.7334
2026-03-26 03:54:49 [INFO] lr=5e-06 | Epoch 11/500 | train_loss=0.6410 | train acc=0.6366 f1=0.6198 spec=0.6798 prec=0.6487 rec=0.5933 ||||| val_loss=0.5947 | val acc=0.6679 auc=0.7412 f1=0.6004 spec=0.8367 prec=0.7535 rec=0.4990 | early_stop=0/15 | BEST_SAVE AUC=0.7412
2026-03-26 03:56:05 [INFO] lr=5e-06 | Epoch 12/500 | train_loss=0.6357 | train acc=0.6403 f1=0.6237 spec=0.6841 prec=0.6537 rec=0.5964 ||||| val_loss=0.5938 | val acc=0.6734 auc=0.7480 f1=0.6012 spec=0.8544 prec=0.7718 rec=0.4924 | early_stop=0/15 | BEST_SAVE AUC=0.7480
2026-03-26 03:57:21 [INFO] lr=5e-06 | Epoch 13/500 | train_loss=0.6321 | train acc=0.6485 f1=0.6336 spec=0.6917 prec=0.6644 rec=0.6056 ||||| val_loss=0.5813 | val acc=0.6794 auc=0.7496 f1=0.6447 spec=0.7771 prec=0.7230 rec=0.5817 | early_stop=0/15 | BEST_SAVE AUC=0.7496
2026-03-26 03:58:36 [INFO] lr=5e-06 | Epoch 14/500 | train_loss=0.6297 | train acc=0.6513 f1=0.6314 spec=0.7054 prec=0.6697 rec=0.5972 ||||| val_loss=0.5843 | val acc=0.6784 auc=0.7563 f1=0.5953 spec=0.8838 prec=0.8028 rec=0.4730 | early_stop=1/15 | BEST_SAVE AUC=0.7563
2026-03-26 03:59:52 [INFO] lr=5e-06 | Epoch 15/500 | train_loss=0.6274 | train acc=0.6528 f1=0.6246 spec=0.7242 prec=0.6756 rec=0.5807 ||||| val_loss=0.5753 | val acc=0.6834 auc=0.7591 f1=0.6162 spec=0.8585 prec=0.7822 rec=0.5083 | early_stop=0/15 | BEST_SAVE AUC=0.7591
2026-03-26 04:01:09 [INFO] lr=5e-06 | Epoch 16/500 | train_loss=0.6242 | train acc=0.6568 f1=0.6310 spec=0.7245 prec=0.6799 rec=0.5887 ||||| val_loss=0.5755 | val acc=0.6826 auc=0.7596 f1=0.6125 spec=0.8634 prec=0.7860 rec=0.5017 | early_stop=1/15 | BEST_SAVE AUC=0.7596
2026-03-26 04:02:26 [INFO] lr=5e-06 | Epoch 17/500 | train_loss=0.6226 | train acc=0.6616 f1=0.6384 spec=0.7269 prec=0.6867 rec=0.5965 ||||| val_loss=0.5724 | val acc=0.6895 auc=0.7644 f1=0.6250 spec=0.8615 prec=0.7889 rec=0.5175 | early_stop=0/15 | BEST_SAVE AUC=0.7644
2026-03-26 04:03:41 [INFO] lr=5e-06 | Epoch 18/500 | train_loss=0.6183 | train acc=0.6660 f1=0.6399 spec=0.7369 prec=0.6926 rec=0.5947 ||||| val_loss=0.5697 | val acc=0.6917 auc=0.7619 f1=0.6581 spec=0.7902 prec=0.7387 rec=0.5933 | early_stop=0/15
2026-03-26 04:04:57 [INFO] lr=5e-06 | Epoch 19/500 | train_loss=0.6198 | train acc=0.6631 f1=0.6321 spec=0.7449 prec=0.6933 rec=0.5808 ||||| val_loss=0.5650 | val acc=0.6984 auc=0.7718 f1=0.6421 spec=0.8556 prec=0.7893 rec=0.5411 | early_stop=0/15 | BEST_SAVE AUC=0.7718
2026-03-26 04:06:14 [INFO] lr=5e-06 | Epoch 20/500 | train_loss=0.6163 | train acc=0.6664 f1=0.6393 spec=0.7442 prec=0.6988 rec=0.5892 ||||| val_loss=0.5637 | val acc=0.6979 auc=0.7741 f1=0.6344 spec=0.8717 prec=0.8034 rec=0.5241 | early_stop=0/15 | BEST_SAVE AUC=0.7741
2026-03-26 04:07:30 [INFO] lr=5e-06 | Epoch 21/500 | train_loss=0.6149 | train acc=0.6713 f1=0.6417 spec=0.7501 prec=0.7009 rec=0.5917 ||||| val_loss=0.5636 | val acc=0.6950 auc=0.7765 f1=0.6275 spec=0.8760 prec=0.8056 rec=0.5139 | early_stop=0/15 | BEST_SAVE AUC=0.7765
2026-03-26 04:08:43 [INFO] lr=5e-06 | Epoch 22/500 | train_loss=0.6131 | train acc=0.6717 f1=0.6425 spec=0.7542 prec=0.7061 rec=0.5894 ||||| val_loss=0.5584 | val acc=0.6999 auc=0.7747 f1=0.6474 spec=0.8486 prec=0.7845 rec=0.5511 | early_stop=0/15
2026-03-26 04:09:57 [INFO] lr=5e-06 | Epoch 23/500 | train_loss=0.6116 | train acc=0.6751 f1=0.6450 spec=0.7566 prec=0.7072 rec=0.5929 ||||| val_loss=0.5630 | val acc=0.6963 auc=0.7758 f1=0.6229 spec=0.8909 prec=0.8214 rec=0.5017 | early_stop=1/15
2026-03-26 04:11:12 [INFO] lr=5e-06 | Epoch 24/500 | train_loss=0.6115 | train acc=0.6739 f1=0.6421 spec=0.7601 prec=0.7084 rec=0.5871 ||||| val_loss=0.5567 | val acc=0.6972 auc=0.7784 f1=0.6404 spec=0.8554 prec=0.7885 rec=0.5391 | early_stop=0/15 | BEST_SAVE AUC=0.7784
2026-03-26 04:12:24 [INFO] lr=5e-06 | Epoch 25/500 | train_loss=0.6099 | train acc=0.6741 f1=0.6442 spec=0.7564 prec=0.7073 rec=0.5914 ||||| val_loss=0.5595 | val acc=0.6981 auc=0.7774 f1=0.6384 spec=0.8632 prec=0.7958 rec=0.5330 | early_stop=1/15
2026-03-26 04:13:36 [INFO] lr=5e-06 | Epoch 26/500 | train_loss=0.6079 | train acc=0.6765 f1=0.6486 spec=0.7568 prec=0.7109 rec=0.5964 ||||| val_loss=0.5534 | val acc=0.6980 auc=0.7827 f1=0.6345 spec=0.8717 prec=0.8034 rec=0.5243 | early_stop=0/15 | BEST_SAVE AUC=0.7827
2026-03-26 04:14:47 [INFO] lr=5e-06 | Epoch 27/500 | train_loss=0.6061 | train acc=0.6798 f1=0.6520 spec=0.7641 prec=0.7190 rec=0.5964 ||||| val_loss=0.5471 | val acc=0.7090 auc=0.7854 f1=0.6690 spec=0.8298 prec=0.7755 rec=0.5882 | early_stop=0/15 | BEST_SAVE AUC=0.7854
2026-03-26 04:15:59 [INFO] lr=5e-06 | Epoch 28/500 | train_loss=0.6068 | train acc=0.6783 f1=0.6482 spec=0.7606 prec=0.7114 rec=0.5953 ||||| val_loss=0.5436 | val acc=0.7118 auc=0.7893 f1=0.6623 spec=0.8583 prec=0.7996 rec=0.5652 | early_stop=0/15 | BEST_SAVE AUC=0.7893
2026-03-26 04:17:10 [INFO] lr=5e-06 | Epoch 29/500 | train_loss=0.6058 | train acc=0.6791 f1=0.6526 spec=0.7604 prec=0.7170 rec=0.5989 ||||| val_loss=0.5516 | val acc=0.7055 auc=0.7837 f1=0.6507 spec=0.8624 prec=0.7995 rec=0.5486 | early_stop=1/15
2026-03-26 04:18:22 [INFO] lr=5e-06 | Epoch 30/500 | train_loss=0.6041 | train acc=0.6804 f1=0.6469 spec=0.7700 prec=0.7165 rec=0.5896 ||||| val_loss=0.5439 | val acc=0.7094 auc=0.7864 f1=0.6653 spec=0.8411 prec=0.7843 rec=0.5776 | early_stop=2/15
2026-03-26 04:19:35 [INFO] lr=5e-06 | Epoch 31/500 | train_loss=0.6021 | train acc=0.6857 f1=0.6596 spec=0.7673 prec=0.7249 rec=0.6052 ||||| val_loss=0.5413 | val acc=0.7121 auc=0.7894 f1=0.6737 spec=0.8299 prec=0.7775 rec=0.5943 | early_stop=0/15 | BEST_SAVE AUC=0.7894
2026-03-26 04:20:47 [INFO] lr=5e-06 | Epoch 32/500 | train_loss=0.6023 | train acc=0.6844 f1=0.6562 spec=0.7642 prec=0.7180 rec=0.6042 ||||| val_loss=0.5504 | val acc=0.7088 auc=0.7913 f1=0.6414 spec=0.8967 prec=0.8345 rec=0.5209 | early_stop=1/15 | BEST_SAVE AUC=0.7913
2026-03-26 04:21:58 [INFO] lr=5e-06 | Epoch 33/500 | train_loss=0.6006 | train acc=0.6862 f1=0.6584 spec=0.7667 prec=0.7213 rec=0.6055 ||||| val_loss=0.5436 | val acc=0.7139 auc=0.7910 f1=0.6688 spec=0.8500 prec=0.7939 rec=0.5778 | early_stop=2/15
2026-03-26 04:23:11 [INFO] lr=5e-06 | Epoch 34/500 | train_loss=0.5982 | train acc=0.6881 f1=0.6599 spec=0.7687 prec=0.7229 rec=0.6070 ||||| val_loss=0.5428 | val acc=0.7091 auc=0.7883 f1=0.6520 spec=0.8734 prec=0.8115 rec=0.5449 | early_stop=3/15
2026-03-26 04:24:24 [INFO] lr=5e-06 | Epoch 35/500 | train_loss=0.6001 | train acc=0.6847 f1=0.6506 spec=0.7798 prec=0.7265 rec=0.5890 ||||| val_loss=0.5421 | val acc=0.7131 auc=0.7952 f1=0.6540 spec=0.8840 prec=0.8237 rec=0.5423 | early_stop=4/15 | BEST_SAVE AUC=0.7952
2026-03-26 04:25:37 [INFO] lr=5e-06 | Epoch 36/500 | train_loss=0.5972 | train acc=0.6915 f1=0.6638 spec=0.7738 prec=0.7292 rec=0.6091 ||||| val_loss=0.5417 | val acc=0.7147 auc=0.7904 f1=0.6647 spec=0.8641 prec=0.8062 rec=0.5654 | early_stop=5/15
2026-03-26 04:26:50 [INFO] lr=5e-06 | Epoch 37/500 | train_loss=0.5991 | train acc=0.6869 f1=0.6563 spec=0.7724 prec=0.7233 rec=0.6006 ||||| val_loss=0.5341 | val acc=0.7181 auc=0.7973 f1=0.6741 spec=0.8529 prec=0.7986 rec=0.5832 | early_stop=0/15 | BEST_SAVE AUC=0.7973
2026-03-26 04:28:03 [INFO] lr=5e-06 | Epoch 38/500 | train_loss=0.5975 | train acc=0.6881 f1=0.6599 spec=0.7728 prec=0.7275 rec=0.6037 ||||| val_loss=0.5342 | val acc=0.7217 auc=0.7969 f1=0.6879 spec=0.8299 prec=0.7830 rec=0.6135 | early_stop=1/15
2026-03-26 04:29:16 [INFO] lr=5e-06 | Epoch 39/500 | train_loss=0.5944 | train acc=0.6943 f1=0.6652 spec=0.7806 prec=0.7344 rec=0.6079 ||||| val_loss=0.5340 | val acc=0.7191 auc=0.7968 f1=0.6773 spec=0.8486 prec=0.7957 rec=0.5895 | early_stop=0/15
2026-03-26 04:30:29 [INFO] lr=5e-06 | Epoch 40/500 | train_loss=0.5982 | train acc=0.6874 f1=0.6594 spec=0.7736 prec=0.7288 rec=0.6021 ||||| val_loss=0.5411 | val acc=0.7159 auc=0.7984 f1=0.6562 spec=0.8896 prec=0.8308 rec=0.5423 | early_stop=1/15 | BEST_SAVE AUC=0.7984
2026-03-26 04:31:41 [INFO] lr=5e-06 | Epoch 41/500 | train_loss=0.5959 | train acc=0.6905 f1=0.6610 spec=0.7780 prec=0.7312 rec=0.6031 ||||| val_loss=0.5372 | val acc=0.7175 auc=0.7962 f1=0.6727 spec=0.8542 prec=0.7993 rec=0.5807 | early_stop=2/15
2026-03-26 04:32:52 [INFO] lr=5e-06 | Epoch 42/500 | train_loss=0.5923 | train acc=0.6966 f1=0.6701 spec=0.7775 prec=0.7349 rec=0.6158 ||||| val_loss=0.5441 | val acc=0.7097 auc=0.7974 f1=0.6465 spec=0.8885 prec=0.8265 rec=0.5309 | early_stop=3/15
2026-03-26 04:34:05 [INFO] lr=5e-06 | Epoch 43/500 | train_loss=0.5937 | train acc=0.6908 f1=0.6576 spec=0.7861 prec=0.7348 rec=0.5951 ||||| val_loss=0.5417 | val acc=0.7103 auc=0.7953 f1=0.6485 spec=0.8862 prec=0.8244 rec=0.5345 | early_stop=4/15
2026-03-26 04:35:16 [INFO] lr=5e-06 | Epoch 44/500 | train_loss=0.5947 | train acc=0.6938 f1=0.6615 spec=0.7883 prec=0.7384 rec=0.5991 ||||| val_loss=0.5340 | val acc=0.7206 auc=0.7968 f1=0.6792 spec=0.8496 prec=0.7973 rec=0.5916 | early_stop=0/15
2026-03-26 04:36:29 [INFO] lr=2.5e-06 | Epoch 45/500 | train_loss=0.5926 | train acc=0.6933 f1=0.6609 spec=0.7847 prec=0.7343 rec=0.6009 ||||| val_loss=0.5410 | val acc=0.7148 auc=0.7956 f1=0.6564 spec=0.8850 prec=0.8257 rec=0.5447 | early_stop=1/15
2026-03-26 04:37:41 [INFO] lr=2.5e-06 | Epoch 46/500 | train_loss=0.5920 | train acc=0.6947 f1=0.6645 spec=0.7819 prec=0.7342 rec=0.6068 ||||| val_loss=0.5331 | val acc=0.7233 auc=0.8011 f1=0.6760 spec=0.8694 prec=0.8155 rec=0.5773 | early_stop=0/15 | BEST_SAVE AUC=0.8011
2026-03-26 04:38:54 [INFO] lr=2.5e-06 | Epoch 47/500 | train_loss=0.5898 | train acc=0.6967 f1=0.6669 spec=0.7871 prec=0.7406 rec=0.6065 ||||| val_loss=0.5356 | val acc=0.7205 auc=0.8003 f1=0.6702 spec=0.8731 prec=0.8174 rec=0.5680 | early_stop=1/15
2026-03-26 04:40:12 [INFO] lr=2.5e-06 | Epoch 48/500 | train_loss=0.5910 | train acc=0.6958 f1=0.6634 spec=0.7885 prec=0.7384 rec=0.6022 ||||| val_loss=0.5393 | val acc=0.7171 auc=0.7998 f1=0.6585 spec=0.8887 prec=0.8306 rec=0.5455 | early_stop=2/15
2026-03-26 04:41:24 [INFO] lr=2.5e-06 | Epoch 49/500 | train_loss=0.5911 | train acc=0.6937 f1=0.6642 spec=0.7832 prec=0.7369 rec=0.6046 ||||| val_loss=0.5358 | val acc=0.7216 auc=0.7982 f1=0.6722 spec=0.8724 prec=0.8173 rec=0.5708 | early_stop=3/15
2026-03-26 04:42:38 [INFO] lr=2.5e-06 | Epoch 50/500 | train_loss=0.5906 | train acc=0.6972 f1=0.6605 spec=0.7969 prec=0.7416 rec=0.5954 ||||| val_loss=0.5308 | val acc=0.7243 auc=0.8012 f1=0.6810 spec=0.8602 prec=0.8080 rec=0.5885 | early_stop=0/15 | BEST_SAVE AUC=0.8012
2026-03-26 04:43:51 [INFO] lr=2.5e-06 | Epoch 51/500 | train_loss=0.5900 | train acc=0.6972 f1=0.6654 spec=0.7914 prec=0.7424 rec=0.6028 ||||| val_loss=0.5357 | val acc=0.7192 auc=0.7988 f1=0.6632 spec=0.8857 prec=0.8286 rec=0.5528 | early_stop=1/15
2026-03-26 04:45:03 [INFO] lr=2.5e-06 | Epoch 52/500 | train_loss=0.5891 | train acc=0.6959 f1=0.6659 spec=0.7876 prec=0.7410 rec=0.6047 ||||| val_loss=0.5312 | val acc=0.7234 auc=0.8027 f1=0.6759 spec=0.8700 prec=0.8161 rec=0.5768 | early_stop=2/15 | BEST_SAVE AUC=0.8027
2026-03-26 04:46:17 [INFO] lr=2.5e-06 | Epoch 53/500 | train_loss=0.5876 | train acc=0.6997 f1=0.6721 spec=0.7868 prec=0.7435 rec=0.6133 ||||| val_loss=0.5287 | val acc=0.7254 auc=0.8011 f1=0.6885 spec=0.8437 prec=0.7952 rec=0.6070 | early_stop=0/15
2026-03-26 04:47:30 [INFO] lr=2.5e-06 | Epoch 54/500 | train_loss=0.5857 | train acc=0.7022 f1=0.6737 spec=0.7868 prec=0.7419 rec=0.6170 ||||| val_loss=0.5305 | val acc=0.7277 auc=0.8012 f1=0.6850 spec=0.8631 prec=0.8122 rec=0.5923 | early_stop=1/15
2026-03-26 04:48:43 [INFO] lr=2.5e-06 | Epoch 55/500 | train_loss=0.5853 | train acc=0.7044 f1=0.6773 spec=0.7915 prec=0.7492 rec=0.6180 ||||| val_loss=0.5299 | val acc=0.7231 auc=0.7988 f1=0.6886 spec=0.8338 prec=0.7866 rec=0.6123 | early_stop=2/15
2026-03-26 04:49:57 [INFO] lr=2.5e-06 | Epoch 56/500 | train_loss=0.5860 | train acc=0.7022 f1=0.6701 spec=0.7959 prec=0.7468 rec=0.6076 ||||| val_loss=0.5294 | val acc=0.7273 auc=0.8046 f1=0.6840 spec=0.8644 prec=0.8132 rec=0.5902 | early_stop=3/15 | BEST_SAVE AUC=0.8046
2026-03-26 04:51:09 [INFO] lr=2.5e-06 | Epoch 57/500 | train_loss=0.5844 | train acc=0.7015 f1=0.6757 spec=0.7862 prec=0.7455 rec=0.6179 ||||| val_loss=0.5294 | val acc=0.7249 auc=0.8023 f1=0.6854 spec=0.8503 prec=0.8002 rec=0.5994 | early_stop=4/15
2026-03-26 04:52:25 [INFO] lr=2.5e-06 | Epoch 58/500 | train_loss=0.5833 | train acc=0.7052 f1=0.6771 spec=0.7924 prec=0.7486 rec=0.6180 ||||| val_loss=0.5312 | val acc=0.7229 auc=0.8027 f1=0.6784 spec=0.8612 prec=0.8081 rec=0.5846 | early_stop=5/15
2026-03-26 04:53:39 [INFO] lr=1.25e-06 | Epoch 59/500 | train_loss=0.5862 | train acc=0.7000 f1=0.6728 spec=0.7850 prec=0.7421 rec=0.6154 ||||| val_loss=0.5309 | val acc=0.7219 auc=0.8036 f1=0.6742 spec=0.8682 prec=0.8136 rec=0.5756 | early_stop=6/15
2026-03-26 04:54:52 [INFO] lr=1.25e-06 | Epoch 60/500 | train_loss=0.5839 | train acc=0.7053 f1=0.6777 spec=0.7936 prec=0.7508 rec=0.6176 ||||| val_loss=0.5293 | val acc=0.7276 auc=0.8018 f1=0.6899 spec=0.8490 prec=0.8005 rec=0.6062 | early_stop=7/15
2026-03-26 04:56:04 [INFO] lr=1.25e-06 | Epoch 61/500 | train_loss=0.5821 | train acc=0.7053 f1=0.6754 spec=0.7970 prec=0.7512 rec=0.6135 ||||| val_loss=0.5286 | val acc=0.7257 auc=0.8034 f1=0.6815 spec=0.8646 prec=0.8125 rec=0.5868 | early_stop=0/15
2026-03-26 04:57:17 [INFO] lr=1.25e-06 | Epoch 62/500 | train_loss=0.5842 | train acc=0.7019 f1=0.6752 spec=0.7866 prec=0.7444 rec=0.6177 ||||| val_loss=0.5306 | val acc=0.7260 auc=0.8014 f1=0.6842 spec=0.8583 prec=0.8073 rec=0.5936 | early_stop=1/15
2026-03-26 04:58:28 [INFO] lr=1.25e-06 | Epoch 63/500 | train_loss=0.5828 | train acc=0.7048 f1=0.6745 spec=0.7968 prec=0.7504 rec=0.6126 ||||| val_loss=0.5274 | val acc=0.7295 auc=0.8033 f1=0.6934 spec=0.8473 prec=0.8002 rec=0.6118 | early_stop=0/15
2026-03-26 04:59:40 [INFO] lr=1.25e-06 | Epoch 64/500 | train_loss=0.5825 | train acc=0.7040 f1=0.6737 spec=0.7971 prec=0.7507 rec=0.6110 ||||| val_loss=0.5289 | val acc=0.7244 auc=0.8037 f1=0.6782 spec=0.8682 prec=0.8150 rec=0.5807 | early_stop=1/15
2026-03-26 05:00:52 [INFO] lr=1.25e-06 | Epoch 65/500 | train_loss=0.5826 | train acc=0.7052 f1=0.6754 spec=0.7967 prec=0.7511 rec=0.6136 ||||| val_loss=0.5286 | val acc=0.7278 auc=0.8026 f1=0.6858 spec=0.8615 prec=0.8110 rec=0.5941 | early_stop=2/15
2026-03-26 05:02:05 [INFO] lr=1.25e-06 | Epoch 66/500 | train_loss=0.5827 | train acc=0.7065 f1=0.6770 spec=0.7996 prec=0.7547 rec=0.6138 ||||| val_loss=0.5299 | val acc=0.7251 auc=0.8039 f1=0.6791 spec=0.8685 prec=0.8156 rec=0.5817 | early_stop=3/15
2026-03-26 05:03:18 [INFO] lr=1.25e-06 | Epoch 67/500 | train_loss=0.5818 | train acc=0.7063 f1=0.6774 spec=0.7960 prec=0.7515 rec=0.6167 ||||| val_loss=0.5297 | val acc=0.7253 auc=0.8032 f1=0.6799 spec=0.8671 prec=0.8145 rec=0.5834 | early_stop=4/15
2026-03-26 05:04:30 [INFO] lr=1.25e-06 | Epoch 68/500 | train_loss=0.5816 | train acc=0.7062 f1=0.6752 spec=0.7989 prec=0.7517 rec=0.6129 ||||| val_loss=0.5321 | val acc=0.7220 auc=0.8032 f1=0.6731 spec=0.8716 prec=0.8167 rec=0.5724 | early_stop=5/15
2026-03-26 05:05:43 [INFO] lr=6.25e-07 | Epoch 69/500 | train_loss=0.5793 | train acc=0.7089 f1=0.6788 spec=0.8013 prec=0.7555 rec=0.6163 ||||| val_loss=0.5298 | val acc=0.7300 auc=0.8034 f1=0.6869 spec=0.8678 prec=0.8175 rec=0.5923 | early_stop=6/15
2026-03-26 05:06:56 [INFO] lr=6.25e-07 | Epoch 70/500 | train_loss=0.5797 | train acc=0.7093 f1=0.6822 spec=0.7988 prec=0.7571 rec=0.6207 ||||| val_loss=0.5296 | val acc=0.7266 auc=0.8053 f1=0.6801 spec=0.8719 prec=0.8194 rec=0.5812 | early_stop=7/15 | BEST_SAVE AUC=0.8053
2026-03-26 05:08:08 [INFO] lr=6.25e-07 | Epoch 71/500 | train_loss=0.5804 | train acc=0.7077 f1=0.6793 spec=0.7959 prec=0.7519 rec=0.6195 ||||| val_loss=0.5302 | val acc=0.7264 auc=0.8036 f1=0.6838 spec=0.8610 prec=0.8098 rec=0.5917 | early_stop=8/15
2026-03-26 05:09:19 [INFO] lr=6.25e-07 | Epoch 72/500 | train_loss=0.5803 | train acc=0.7078 f1=0.6789 spec=0.7968 prec=0.7521 rec=0.6186 ||||| val_loss=0.5311 | val acc=0.7249 auc=0.8050 f1=0.6761 spec=0.8753 prec=0.8216 rec=0.5744 | early_stop=9/15
2026-03-26 05:10:31 [INFO] lr=6.25e-07 | Epoch 73/500 | train_loss=0.5827 | train acc=0.7048 f1=0.6784 spec=0.7902 prec=0.7488 rec=0.6201 ||||| val_loss=0.5288 | val acc=0.7248 auc=0.8035 f1=0.6791 spec=0.8671 prec=0.8143 rec=0.5824 | early_stop=10/15
2026-03-26 05:11:43 [INFO] lr=6.25e-07 | Epoch 74/500 | train_loss=0.5776 | train acc=0.7122 f1=0.6848 spec=0.7985 prec=0.7562 rec=0.6258 ||||| val_loss=0.5278 | val acc=0.7299 auc=0.8027 f1=0.6896 spec=0.8595 prec=0.8103 rec=0.6002 | early_stop=11/15
2026-03-26 05:12:55 [INFO] lr=6.25e-07 | Epoch 75/500 | train_loss=0.5784 | train acc=0.7097 f1=0.6826 spec=0.7946 prec=0.7524 rec=0.6247 ||||| val_loss=0.5261 | val acc=0.7272 auc=0.8051 f1=0.6920 spec=0.8417 prec=0.7947 rec=0.6128 | early_stop=0/15
2026-03-26 05:14:10 [INFO] lr=6.25e-07 | Epoch 76/500 | train_loss=0.5775 | train acc=0.7105 f1=0.6841 spec=0.7973 prec=0.7563 rec=0.6244 ||||| val_loss=0.5279 | val acc=0.7292 auc=0.8046 f1=0.6861 spec=0.8665 prec=0.8159 rec=0.5919 | early_stop=1/15
2026-03-26 05:15:23 [INFO] lr=6.25e-07 | Epoch 77/500 | train_loss=0.5781 | train acc=0.7084 f1=0.6796 spec=0.8003 prec=0.7563 rec=0.6170 ||||| val_loss=0.5266 | val acc=0.7296 auc=0.8044 f1=0.6934 spec=0.8476 prec=0.8005 rec=0.6116 | early_stop=2/15
2026-03-26 05:16:36 [INFO] lr=6.25e-07 | Epoch 78/500 | train_loss=0.5771 | train acc=0.7088 f1=0.6789 spec=0.7995 prec=0.7539 rec=0.6175 ||||| val_loss=0.5279 | val acc=0.7285 auc=0.8050 f1=0.6857 spec=0.8648 prec=0.8141 rec=0.5923 | early_stop=3/15
2026-03-26 05:17:51 [INFO] lr=6.25e-07 | Epoch 79/500 | train_loss=0.5791 | train acc=0.7074 f1=0.6808 spec=0.7947 prec=0.7534 rec=0.6210 ||||| val_loss=0.5301 | val acc=0.7260 auc=0.8043 f1=0.6803 spec=0.8687 prec=0.8162 rec=0.5832 | early_stop=4/15
2026-03-26 05:19:04 [INFO] lr=6.25e-07 | Epoch 80/500 | train_loss=0.5793 | train acc=0.7103 f1=0.6802 spec=0.8028 prec=0.7573 rec=0.6174 ||||| val_loss=0.5284 | val acc=0.7299 auc=0.8040 f1=0.6906 spec=0.8568 prec=0.8081 rec=0.6030 | early_stop=5/15
2026-03-26 05:20:19 [INFO] lr=3.125e-07 | Epoch 81/500 | train_loss=0.5767 | train acc=0.7125 f1=0.6847 spec=0.8043 prec=0.7621 rec=0.6216 ||||| val_loss=0.5283 | val acc=0.7284 auc=0.8047 f1=0.6884 spec=0.8569 prec=0.8075 rec=0.5999 | early_stop=6/15
2026-03-26 05:21:31 [INFO] lr=3.125e-07 | Epoch 82/500 | train_loss=0.5794 | train acc=0.7101 f1=0.6825 spec=0.7988 prec=0.7563 rec=0.6219 ||||| val_loss=0.5256 | val acc=0.7311 auc=0.8052 f1=0.6952 spec=0.8488 prec=0.8022 rec=0.6133 | early_stop=0/15
2026-03-26 05:22:46 [INFO] lr=3.125e-07 | Epoch 83/500 | train_loss=0.5775 | train acc=0.7096 f1=0.6777 spec=0.8044 prec=0.7565 rec=0.6138 ||||| val_loss=0.5251 | val acc=0.7249 auc=0.8048 f1=0.6859 spec=0.8493 prec=0.7994 rec=0.6006 | early_stop=0/15
2026-03-26 05:23:59 [INFO] lr=3.125e-07 | Epoch 84/500 | train_loss=0.5761 | train acc=0.7125 f1=0.6850 spec=0.8018 prec=0.7598 rec=0.6237 ||||| val_loss=0.5301 | val acc=0.7237 auc=0.8050 f1=0.6778 spec=0.8660 prec=0.8126 rec=0.5814 | early_stop=1/15
2026-03-26 05:25:11 [INFO] lr=3.125e-07 | Epoch 85/500 | train_loss=0.5774 | train acc=0.7108 f1=0.6843 spec=0.7975 prec=0.7565 rec=0.6247 ||||| val_loss=0.5263 | val acc=0.7307 auc=0.8041 f1=0.6967 spec=0.8430 prec=0.7975 rec=0.6184 | early_stop=2/15
2026-03-26 05:26:25 [INFO] lr=3.125e-07 | Epoch 86/500 | train_loss=0.5771 | train acc=0.7118 f1=0.6810 spec=0.8052 prec=0.7588 rec=0.6176 ||||| val_loss=0.5297 | val acc=0.7256 auc=0.8050 f1=0.6790 spec=0.8709 prec=0.8180 rec=0.5804 | early_stop=3/15
2026-03-26 05:27:37 [INFO] lr=3.125e-07 | Epoch 87/500 | train_loss=0.5753 | train acc=0.7138 f1=0.6818 spec=0.8081 prec=0.7602 rec=0.6181 ||||| val_loss=0.5287 | val acc=0.7260 auc=0.8046 f1=0.6825 spec=0.8629 prec=0.8112 rec=0.5890 | early_stop=4/15
2026-03-26 05:28:51 [INFO] lr=3.125e-07 | Epoch 88/500 | train_loss=0.5754 | train acc=0.7123 f1=0.6830 spec=0.8024 prec=0.7578 rec=0.6216 ||||| val_loss=0.5275 | val acc=0.7260 auc=0.8065 f1=0.6779 spec=0.8751 prec=0.8220 rec=0.5768 | early_stop=5/15 | BEST_SAVE AUC=0.8065
2026-03-26 05:30:05 [INFO] lr=1.5625e-07 | Epoch 89/500 | train_loss=0.5737 | train acc=0.7130 f1=0.6846 spec=0.8068 prec=0.7642 rec=0.6200 ||||| val_loss=0.5266 | val acc=0.7291 auc=0.8044 f1=0.6923 spec=0.8486 prec=0.8011 rec=0.6096 | early_stop=6/15
2026-03-26 05:31:19 [INFO] lr=1.5625e-07 | Epoch 90/500 | train_loss=0.5747 | train acc=0.7145 f1=0.6820 spec=0.8096 prec=0.7612 rec=0.6177 ||||| val_loss=0.5274 | val acc=0.7276 auc=0.8051 f1=0.6848 spec=0.8634 prec=0.8125 rec=0.5917 | early_stop=7/15
2026-03-26 05:32:33 [INFO] lr=1.5625e-07 | Epoch 91/500 | train_loss=0.5752 | train acc=0.7143 f1=0.6859 spec=0.8060 prec=0.7631 rec=0.6228 ||||| val_loss=0.5302 | val acc=0.7255 auc=0.8052 f1=0.6758 spec=0.8790 prec=0.8254 rec=0.5720 | early_stop=8/15
2026-03-26 05:33:45 [INFO] lr=1.5625e-07 | Epoch 92/500 | train_loss=0.5723 | train acc=0.7168 f1=0.6891 spec=0.8051 prec=0.7629 rec=0.6283 ||||| val_loss=0.5250 | val acc=0.7284 auc=0.8048 f1=0.6922 spec=0.8461 prec=0.7987 rec=0.6108 | early_stop=0/15
2026-03-26 05:35:00 [INFO] lr=1.5625e-07 | Epoch 93/500 | train_loss=0.5729 | train acc=0.7147 f1=0.6899 spec=0.8025 prec=0.7645 rec=0.6285 ||||| val_loss=0.5294 | val acc=0.7276 auc=0.8033 f1=0.6858 spec=0.8605 prec=0.8100 rec=0.5946 | early_stop=1/15
2026-03-26 05:36:13 [INFO] lr=1.5625e-07 | Epoch 94/500 | train_loss=0.5741 | train acc=0.7145 f1=0.6843 spec=0.8081 prec=0.7628 rec=0.6205 ||||| val_loss=0.5288 | val acc=0.7275 auc=0.8037 f1=0.6843 spec=0.8643 prec=0.8131 rec=0.5907 | early_stop=2/15
2026-03-26 05:37:25 [INFO] lr=7.8125e-08 | Epoch 95/500 | train_loss=0.5748 | train acc=0.7123 f1=0.6852 spec=0.8035 prec=0.7624 rec=0.6223 ||||| val_loss=0.5273 | val acc=0.7254 auc=0.8057 f1=0.6824 spec=0.8605 prec=0.8088 rec=0.5902 | early_stop=3/15
2026-03-26 05:38:37 [INFO] lr=7.8125e-08 | Epoch 96/500 | train_loss=0.5720 | train acc=0.7186 f1=0.6916 spec=0.8090 prec=0.7682 rec=0.6289 ||||| val_loss=0.5291 | val acc=0.7259 auc=0.8053 f1=0.6789 spec=0.8722 prec=0.8194 rec=0.5795 | early_stop=4/15
2026-03-26 05:39:50 [INFO] lr=7.8125e-08 | Epoch 97/500 | train_loss=0.5758 | train acc=0.7126 f1=0.6865 spec=0.8003 prec=0.7601 rec=0.6259 ||||| val_loss=0.5293 | val acc=0.7270 auc=0.8043 f1=0.6859 spec=0.8576 prec=0.8073 rec=0.5963 | early_stop=5/15
2026-03-26 05:41:03 [INFO] lr=7.8125e-08 | Epoch 98/500 | train_loss=0.5726 | train acc=0.7162 f1=0.6871 spec=0.8059 prec=0.7619 rec=0.6257 ||||| val_loss=0.5269 | val acc=0.7273 auc=0.8052 f1=0.6859 spec=0.8592 prec=0.8087 rec=0.5955 | early_stop=6/15
2026-03-26 05:42:16 [INFO] lr=7.8125e-08 | Epoch 99/500 | train_loss=0.5751 | train acc=0.7126 f1=0.6843 spec=0.8022 prec=0.7590 rec=0.6230 ||||| val_loss=0.5250 | val acc=0.7312 auc=0.8051 f1=0.6966 spec=0.8454 prec=0.7996 rec=0.6171 | early_stop=0/15
2026-03-26 05:43:30 [INFO] lr=7.8125e-08 | Epoch 100/500 | train_loss=0.5716 | train acc=0.7160 f1=0.6879 spec=0.8034 prec=0.7603 rec=0.6280 ||||| val_loss=0.5267 | val acc=0.7302 auc=0.8049 f1=0.6886 spec=0.8639 prec=0.8142 rec=0.5965 | early_stop=1/15
2026-03-26 05:44:42 [INFO] lr=3.90625e-08 | Epoch 101/500 | train_loss=0.5720 | train acc=0.7165 f1=0.6874 spec=0.8098 prec=0.7662 rec=0.6233 ||||| val_loss=0.5296 | val acc=0.7258 auc=0.8046 f1=0.6797 spec=0.8697 prec=0.8170 rec=0.5819 | early_stop=2/15
2026-03-26 05:45:54 [INFO] lr=3.90625e-08 | Epoch 102/500 | train_loss=0.5684 | train acc=0.7222 f1=0.6958 spec=0.8061 prec=0.7656 rec=0.6376 ||||| val_loss=0.5294 | val acc=0.7264 auc=0.8050 f1=0.6841 spec=0.8603 prec=0.8092 rec=0.5924 | early_stop=3/15
2026-03-26 05:47:07 [INFO] lr=3.90625e-08 | Epoch 103/500 | train_loss=0.5740 | train acc=0.7128 f1=0.6842 spec=0.8041 prec=0.7606 rec=0.6217 ||||| val_loss=0.5263 | val acc=0.7286 auc=0.8040 f1=0.6931 spec=0.8442 prec=0.7973 rec=0.6130 | early_stop=4/15
2026-03-26 05:48:20 [INFO] lr=3.90625e-08 | Epoch 104/500 | train_loss=0.5706 | train acc=0.7179 f1=0.6856 spec=0.8155 prec=0.7682 rec=0.6191 ||||| val_loss=0.5254 | val acc=0.7288 auc=0.8049 f1=0.6938 spec=0.8432 prec=0.7967 rec=0.6145 | early_stop=5/15
2026-03-26 05:49:33 [INFO] lr=3.90625e-08 | Epoch 105/500 | train_loss=0.5705 | train acc=0.7181 f1=0.6936 spec=0.8040 prec=0.7663 rec=0.6334 ||||| val_loss=0.5300 | val acc=0.7257 auc=0.8038 f1=0.6785 spec=0.8726 prec=0.8196 rec=0.5788 | early_stop=6/15
2026-03-26 05:50:47 [INFO] lr=3.90625e-08 | Epoch 106/500 | train_loss=0.5689 | train acc=0.7210 f1=0.6960 spec=0.8090 prec=0.7711 rec=0.6342 ||||| val_loss=0.5281 | val acc=0.7258 auc=0.8044 f1=0.6848 spec=0.8559 prec=0.8052 rec=0.5957 | early_stop=7/15
2026-03-26 05:51:59 [INFO] lr=1.95313e-08 | Epoch 107/500 | train_loss=0.5694 | train acc=0.7193 f1=0.6929 spec=0.8091 prec=0.7693 rec=0.6303 ||||| val_loss=0.5294 | val acc=0.7267 auc=0.8043 f1=0.6855 spec=0.8578 prec=0.8073 rec=0.5957 | early_stop=8/15
2026-03-26 05:53:11 [INFO] lr=1.95313e-08 | Epoch 108/500 | train_loss=0.5698 | train acc=0.7180 f1=0.6903 spec=0.8066 prec=0.7647 rec=0.6292 ||||| val_loss=0.5306 | val acc=0.7248 auc=0.8037 f1=0.6780 spec=0.8700 prec=0.8168 rec=0.5795 | early_stop=9/15
2026-03-26 05:54:22 [INFO] lr=1.95313e-08 | Epoch 109/500 | train_loss=0.5661 | train acc=0.7209 f1=0.6930 spec=0.8098 prec=0.7676 rec=0.6315 ||||| val_loss=0.5270 | val acc=0.7292 auc=0.8040 f1=0.6905 spec=0.8541 prec=0.8055 rec=0.6043 | early_stop=10/15
2026-03-26 05:55:36 [INFO] lr=1.95313e-08 | Epoch 110/500 | train_loss=0.5698 | train acc=0.7211 f1=0.6913 spec=0.8098 prec=0.7649 rec=0.6306 ||||| val_loss=0.5262 | val acc=0.7275 auc=0.8037 f1=0.6929 spec=0.8401 prec=0.7936 rec=0.6148 | early_stop=11/15
2026-03-26 05:56:48 [INFO] lr=1.95313e-08 | Epoch 111/500 | train_loss=0.5715 | train acc=0.7162 f1=0.6851 spec=0.8108 prec=0.7645 rec=0.6206 ||||| val_loss=0.5276 | val acc=0.7296 auc=0.8041 f1=0.6920 spec=0.8517 prec=0.8038 rec=0.6075 | early_stop=12/15
2026-03-26 05:58:01 [INFO] lr=1.95313e-08 | Epoch 112/500 | train_loss=0.5709 | train acc=0.7165 f1=0.6884 spec=0.8073 prec=0.7648 rec=0.6259 ||||| val_loss=0.5280 | val acc=0.7241 auc=0.8058 f1=0.6783 spec=0.8665 prec=0.8133 rec=0.5817 | early_stop=13/15
2026-03-26 05:59:14 [INFO] lr=1.95313e-08 | Epoch 113/500 | train_loss=0.5711 | train acc=0.7184 f1=0.6883 spec=0.8124 prec=0.7676 rec=0.6238 ||||| val_loss=0.5286 | val acc=0.7272 auc=0.8043 f1=0.6843 spec=0.8632 prec=0.8121 rec=0.5912 | early_stop=14/15
2026-03-26 06:00:28 [INFO] lr=1.95313e-08 | Epoch 114/500 | train_loss=0.5669 | train acc=0.7216 f1=0.6955 spec=0.8098 prec=0.7703 rec=0.6339 ||||| val_loss=0.5269 | val acc=0.7279 auc=0.8043 f1=0.6880 spec=0.8559 prec=0.8063 rec=0.5999 | early_stop=15/15
2026-03-26 06:00:28 [INFO] Early stopping triggered at epoch 114 (no improvement for 15 epochs)
2026-03-26 06:00:28 [INFO] DONE | 最佳验证 AUC=0.8065
