2026-03-26 01:45:57 [INFO] DDP 初始化成功，world_size=4，日志目录=/home/algo002/work/SiameseAnomalyNet/logs/AbnormalClass/Siamese-Merged-0326-HomBlock
2026-03-26 01:45:57 [INFO] 已保存解析后配置至 paras_resolved.json
2026-03-26 01:45:57 [INFO] 正在进行 H5 数据集校验...
2026-03-26 01:46:02 [INFO] ============================================================
2026-03-26 01:46:02 [INFO] 训练集样本统计
2026-03-26 01:46:02 [INFO] ============================================================
2026-03-26 01:46:02 [INFO] 总样本数: 42988
2026-03-26 01:46:02 [INFO]   ├─ 有差异对 (label=1): 21494 (50.0%)
2026-03-26 01:46:02 [INFO]   │   ├─ A正常 vs B异常: 10747
2026-03-26 01:46:02 [INFO]   │   └─ A异常 vs B正常: 10747
2026-03-26 01:46:02 [INFO]   └─ 无差异对 (label=0): 21494 (50.0%)
2026-03-26 01:46:02 [INFO]      └─ A正常 vs B正常: 21494
2026-03-26 01:46:02 [INFO] 同源配对统计:
2026-03-26 01:46:02 [INFO]   └─ 无同源正常被跳过的异常染色体: 657
2026-03-26 01:46:02 [INFO] ============================================================
2026-03-26 01:46:02 [INFO] 正在生成训练样本可视化(前 3 个 batch)...
2026-03-26 01:46:04 [INFO]   Batch 0: 4 样本已保存
2026-03-26 01:46:05 [INFO]   Batch 1: 4 样本已保存
2026-03-26 01:46:06 [INFO]   Batch 2: 4 样本已保存
2026-03-26 01:46:07 [INFO] 可视化完成，共 3 张图，保存至: ./logs/AbnormalClass/Siamese-Merged-0326-HomBlock/visualization
2026-03-26 01:46:08 [INFO] ============================================================
2026-03-26 01:46:08 [INFO] 验证集样本统计 (Siamese 对称配对)
2026-03-26 01:46:08 [INFO] ============================================================
2026-03-26 01:46:08 [INFO] 总样本数: 11772
2026-03-26 01:46:08 [INFO]   ├─ 有差异对 (label=1): 5886 (50.0%)
2026-03-26 01:46:08 [INFO]   │   ├─ A正常 vs B异常: 2943
2026-03-26 01:46:08 [INFO]   │   └─ A异常 vs B正常: 2943
2026-03-26 01:46:08 [INFO]   └─ 无差异对 (label=0): 5886 (50.0%)
2026-03-26 01:46:08 [INFO]      └─ A正常 vs B正常: 5886
2026-03-26 01:46:08 [INFO] ============================================================
2026-03-26 01:46:08 [INFO] 构建模型: backbone=resnet18, pretrained=True, pretrained_path=/home/algo002/work/SiameseAnomalyNet/pretrain/resnet18-f37072fd.pth, dropout=0.5
2026-03-26 01:46:09 [INFO] 训练开始：保存代码与配置快照至 /home/algo002/work/SiameseAnomalyNet/logs/AbnormalClass/Siamese-Merged-0326-HomBlock
2026-03-26 01:47:20 [INFO] lr=5e-06 | Epoch 1/500 | train_loss=0.6865 | train acc=0.5626 f1=0.6022 spec=0.4648 prec=0.5540 rec=0.6596 ||||| val_loss=0.6673 | val acc=0.5808 auc=0.6208 f1=0.6272 spec=0.4562 prec=0.5647 rec=0.7054 | early_stop=0/15 | BEST_SAVE AUC=0.6208
