2026-03-27 01:31:32 [INFO] DDP 初始化成功,world_size=4,日志目录=/home/algo002/work/SiameseAnomalyNet/logs/AbnormalClass/Siamese-Merged-0327-HomBlock
2026-03-27 01:31:32 [INFO] 已保存解析后配置至 paras_resolved.json
2026-03-27 01:31:32 [INFO] 正在进行 H5 数据集校验...
2026-03-27 01:31:38 [INFO] ========================================
2026-03-27 01:31:38 [INFO] 训练集样本统计
2026-03-27 01:31:38 [INFO] ========================================
2026-03-27 01:31:38 [INFO] 总样本数: 42988
2026-03-27 01:31:38 [INFO]   ├─ 有差异对 (label=1): 21494 (50.0%)
2026-03-27 01:31:38 [INFO]   │   ├─ A正常 vs B异常: 10747
2026-03-27 01:31:38 [INFO]   │   └─ A异常 vs B正常: 10747
2026-03-27 01:31:38 [INFO]   └─ 无差异对 (label=0): 21494 (50.0%)
2026-03-27 01:31:38 [INFO]      └─ A正常 vs B正常: 21494
2026-03-27 01:31:38 [INFO] 同源配对统计:
2026-03-27 01:31:38 [INFO]   └─ 无同源正常被跳过的异常染色体: 657
2026-03-27 01:31:38 [INFO] ============================================================
2026-03-27 01:31:38 [INFO] 正在生成训练样本可视化(前 3 个 batch)...
2026-03-27 01:31:40 [INFO]   Batch 0: 4 样本已保存
2026-03-27 01:31:42 [INFO]   Batch 1: 4 样本已保存
2026-03-27 01:31:44 [INFO]   Batch 2: 4 样本已保存
2026-03-27 01:31:45 [INFO] 可视化完成,共 3 张图,保存至: ./logs/AbnormalClass/Siamese-Merged-0327-HomBlock/visualization
2026-03-27 01:31:46 [INFO] ========================================
2026-03-27 01:31:46 [INFO] 验证集样本统计
2026-03-27 01:31:46 [INFO] ========================================
2026-03-27 01:31:46 [INFO] 总样本数: 11772
2026-03-27 01:31:46 [INFO]   ├─ 有差异对 (label=1): 5886 (50.0%)
2026-03-27 01:31:46 [INFO]   │   ├─ A正常 vs B异常: 2943
2026-03-27 01:31:46 [INFO]   │   └─ A异常 vs B正常: 2943
2026-03-27 01:31:46 [INFO]   └─ 无差异对 (label=0): 5886 (50.0%)
2026-03-27 01:31:46 [INFO]      └─ A正常 vs B正常: 5886
2026-03-27 01:31:46 [INFO] ========================================
2026-03-27 01:31:46 [INFO] 构建模型: backbone=resnet18, pretrained=True, pretrained_path=/home/algo002/work/SiameseAnomalyNet/pretrain/resnet18-f37072fd.pth, dropout=0.3
2026-03-27 01:31:47 [INFO] 训练开始：保存代码与配置快照至 /home/algo002/work/SiameseAnomalyNet/logs/AbnormalClass/Siamese-Merged-0327-HomBlock
2026-03-27 01:32:29 [INFO] DDP 初始化成功,world_size=4,日志目录=/home/algo002/work/SiameseAnomalyNet/logs/AbnormalClass/Siamese-Merged-0327-HomBlock
2026-03-27 01:32:29 [INFO] 已保存解析后配置至 paras_resolved.json
2026-03-27 01:32:29 [INFO] 正在进行 H5 数据集校验...
2026-03-27 01:32:35 [INFO] ========================================
2026-03-27 01:32:35 [INFO] 训练集样本统计
2026-03-27 01:32:35 [INFO] ========================================
2026-03-27 01:32:35 [INFO] 总样本数: 42988
2026-03-27 01:32:35 [INFO]   ├─ 有差异对 (label=1): 21494 (50.0%)
2026-03-27 01:32:35 [INFO]   │   ├─ A正常 vs B异常: 10747
2026-03-27 01:32:35 [INFO]   │   └─ A异常 vs B正常: 10747
2026-03-27 01:32:35 [INFO]   └─ 无差异对 (label=0): 21494 (50.0%)
2026-03-27 01:32:35 [INFO]      └─ A正常 vs B正常: 21494
2026-03-27 01:32:35 [INFO] 同源配对统计:
2026-03-27 01:32:35 [INFO]   └─ 无同源正常被跳过的异常染色体: 657
2026-03-27 01:32:35 [INFO] ============================================================
2026-03-27 01:32:35 [INFO] 正在生成训练样本可视化(前 3 个 batch)...
2026-03-27 01:32:37 [INFO]   Batch 0: 4 样本已保存
2026-03-27 01:32:39 [INFO]   Batch 1: 4 样本已保存
2026-03-27 01:32:41 [INFO]   Batch 2: 4 样本已保存
2026-03-27 01:32:42 [INFO] 可视化完成,共 3 张图,保存至: ./logs/AbnormalClass/Siamese-Merged-0327-HomBlock/visualization
2026-03-27 01:32:43 [INFO] ========================================
2026-03-27 01:32:43 [INFO] 验证集样本统计
2026-03-27 01:32:43 [INFO] ========================================
2026-03-27 01:32:43 [INFO] 总样本数: 11772
2026-03-27 01:32:43 [INFO]   ├─ 有差异对 (label=1): 5886 (50.0%)
2026-03-27 01:32:43 [INFO]   │   ├─ A正常 vs B异常: 2943
2026-03-27 01:32:43 [INFO]   │   └─ A异常 vs B正常: 2943
2026-03-27 01:32:43 [INFO]   └─ 无差异对 (label=0): 5886 (50.0%)
2026-03-27 01:32:43 [INFO]      └─ A正常 vs B正常: 5886
2026-03-27 01:32:43 [INFO] ========================================
2026-03-27 01:32:43 [INFO] 构建模型: backbone=resnet18, pretrained=True, pretrained_path=/home/algo002/work/SiameseAnomalyNet/pretrain/resnet18-f37072fd.pth, dropout=0.3
2026-03-27 01:32:43 [INFO] 训练开始：保存代码与配置快照至 /home/algo002/work/SiameseAnomalyNet/logs/AbnormalClass/Siamese-Merged-0327-HomBlock
2026-03-27 01:33:54 [INFO] lr=0.0001 | Epoch 1/500 | train_loss=0.7611 | train acc=0.5546 auc=0.5759 f1=0.6242 spec=0.3703 sens=0.7379 prec=0.5409 npv=0.5842 ||||| val_loss=0.7241 | val acc=0.5883 auc=0.6327 f1=0.6621 spec=0.3697 sens=0.8068 prec=0.5614 npv=0.6568 | early_stop=0/15 | BEST_SAVE AUC=0.6327
2026-03-27 01:35:05 [INFO] lr=0.0001 | Epoch 2/500 | train_loss=0.7242 | train acc=0.5976 auc=0.6518 f1=0.6475 spec=0.4546 sens=0.7417 prec=0.5745 npv=0.6393 ||||| val_loss=0.6568 | val acc=0.6751 auc=0.7360 f1=0.6378 spec=0.7779 sens=0.5722 prec=0.7204 npv=0.6452 | early_stop=0/15 | BEST_SAVE AUC=0.7360
2026-03-27 01:36:16 [INFO] lr=0.0001 | Epoch 3/500 | train_loss=0.6865 | train acc=0.6460 auc=0.7159 f1=0.6601 spec=0.6040 sens=0.6882 prec=0.6342 npv=0.6599 ||||| val_loss=0.6236 | val acc=0.6940 auc=0.7657 f1=0.6579 spec=0.7995 sens=0.5885 prec=0.7459 npv=0.6602 | early_stop=0/15 | BEST_SAVE AUC=0.7657
2026-03-27 01:37:27 [INFO] lr=0.0001 | Epoch 4/500 | train_loss=0.6700 | train acc=0.6649 auc=0.7382 f1=0.6730 spec=0.6450 sens=0.6845 prec=0.6619 npv=0.6682 ||||| val_loss=0.6015 | val acc=0.6958 auc=0.7790 f1=0.6943 spec=0.7006 sens=0.6910 prec=0.6977 npv=0.6939 | early_stop=0/15 | BEST_SAVE AUC=0.7790
2026-03-27 01:38:38 [INFO] lr=0.0001 | Epoch 5/500 | train_loss=0.6625 | train acc=0.6722 auc=0.7479 f1=0.6750 spec=0.6644 sens=0.6799 prec=0.6701 npv=0.6743 ||||| val_loss=0.6063 | val acc=0.7046 auc=0.7762 f1=0.6724 spec=0.8026 sens=0.6065 prec=0.7544 npv=0.6710 | early_stop=1/15
2026-03-27 01:39:50 [INFO] lr=0.0001 | Epoch 6/500 | train_loss=0.6571 | train acc=0.6822 auc=0.7549 f1=0.6794 spec=0.6917 sens=0.6728 prec=0.6861 npv=0.6785 ||||| val_loss=0.6051 | val acc=0.7134 auc=0.7840 f1=0.6717 spec=0.8403 sens=0.5865 prec=0.7860 npv=0.6702 | early_stop=2/15 | BEST_SAVE AUC=0.7840
2026-03-27 01:41:01 [INFO] lr=0.0001 | Epoch 7/500 | train_loss=0.6519 | train acc=0.6858 auc=0.7610 f1=0.6796 spec=0.7028 sens=0.6686 prec=0.6910 npv=0.6809 ||||| val_loss=0.5987 | val acc=0.7166 auc=0.7958 f1=0.6865 spec=0.8128 sens=0.6205 prec=0.7682 npv=0.6817 | early_stop=0/15 | BEST_SAVE AUC=0.7958
2026-03-27 01:42:12 [INFO] lr=0.0001 | Epoch 8/500 | train_loss=0.6499 | train acc=0.6885 auc=0.7639 f1=0.6852 spec=0.6988 sens=0.6781 prec=0.6924 npv=0.6847 ||||| val_loss=0.5894 | val acc=0.7188 auc=0.7911 f1=0.6943 spec=0.7992 sens=0.6385 prec=0.7607 npv=0.6885 | early_stop=0/15
2026-03-27 01:43:22 [INFO] lr=0.0001 | Epoch 9/500 | train_loss=0.6446 | train acc=0.6959 auc=0.7719 f1=0.6935 spec=0.7056 sens=0.6863 prec=0.7009 npv=0.6910 ||||| val_loss=0.5818 | val acc=0.7244 auc=0.8013 f1=0.6943 spec=0.8230 sens=0.6259 prec=0.7795 npv=0.6875 | early_stop=0/15 | BEST_SAVE AUC=0.8013
2026-03-27 01:44:33 [INFO] lr=0.0001 | Epoch 10/500 | train_loss=0.6428 | train acc=0.6948 auc=0.7726 f1=0.6929 spec=0.7063 sens=0.6834 prec=0.7027 npv=0.6871 ||||| val_loss=0.5873 | val acc=0.7226 auc=0.7976 f1=0.6852 spec=0.8415 sens=0.6038 prec=0.7921 npv=0.6799 | early_stop=1/15
2026-03-27 01:45:48 [INFO] lr=0.0001 | Epoch 11/500 | train_loss=0.6408 | train acc=0.6976 auc=0.7753 f1=0.6923 spec=0.7126 sens=0.6826 prec=0.7023 npv=0.6932 ||||| val_loss=0.5775 | val acc=0.7271 auc=0.8030 f1=0.6976 spec=0.8250 sens=0.6293 prec=0.7824 npv=0.6900 | early_stop=0/15 | BEST_SAVE AUC=0.8030
2026-03-27 01:47:10 [INFO] lr=0.0001 | Epoch 12/500 | train_loss=0.6343 | train acc=0.7034 auc=0.7821 f1=0.6992 spec=0.7201 sens=0.6868 prec=0.7120 npv=0.6952 ||||| val_loss=0.5741 | val acc=0.7317 auc=0.8083 f1=0.7112 spec=0.8029 sens=0.6606 prec=0.7702 npv=0.7029 | early_stop=0/15 | BEST_SAVE AUC=0.8083
2026-03-27 01:48:37 [INFO] lr=0.0001 | Epoch 13/500 | train_loss=0.6325 | train acc=0.7053 auc=0.7840 f1=0.6994 spec=0.7260 sens=0.6846 prec=0.7148 npv=0.6965 ||||| val_loss=0.5643 | val acc=0.7323 auc=0.8129 f1=0.7276 spec=0.7497 sens=0.7149 prec=0.7407 npv=0.7245 | early_stop=0/15 | BEST_SAVE AUC=0.8129
2026-03-27 01:50:09 [INFO] lr=0.0001 | Epoch 14/500 | train_loss=0.6300 | train acc=0.7062 auc=0.7866 f1=0.6986 spec=0.7282 sens=0.6839 prec=0.7139 npv=0.6991 ||||| val_loss=0.5645 | val acc=0.7351 auc=0.8115 f1=0.7144 spec=0.8077 sens=0.6626 prec=0.7750 npv=0.7053 | early_stop=1/15
2026-03-27 01:51:43 [INFO] lr=0.0001 | Epoch 15/500 | train_loss=0.6273 | train acc=0.7125 auc=0.7902 f1=0.7059 spec=0.7353 sens=0.6897 prec=0.7229 npv=0.7030 ||||| val_loss=0.5648 | val acc=0.7331 auc=0.8114 f1=0.7195 spec=0.7817 sens=0.6845 prec=0.7582 npv=0.7124 | early_stop=2/15
2026-03-27 01:53:17 [INFO] lr=0.0001 | Epoch 16/500 | train_loss=0.6245 | train acc=0.7154 auc=0.7939 f1=0.7062 spec=0.7434 sens=0.6872 prec=0.7262 npv=0.7059 ||||| val_loss=0.5696 | val acc=0.7337 auc=0.8090 f1=0.7196 spec=0.7841 sens=0.6833 prec=0.7599 npv=0.7123 | early_stop=3/15
2026-03-27 01:54:50 [INFO] lr=0.0001 | Epoch 17/500 | train_loss=0.6241 | train acc=0.7155 auc=0.7951 f1=0.7087 spec=0.7373 sens=0.6937 prec=0.7244 npv=0.7073 ||||| val_loss=0.5624 | val acc=0.7297 auc=0.8132 f1=0.7127 spec=0.7890 sens=0.6704 prec=0.7606 npv=0.7053 | early_stop=0/15 | BEST_SAVE AUC=0.8132
2026-03-27 01:56:25 [INFO] lr=0.0001 | Epoch 18/500 | train_loss=0.6225 | train acc=0.7176 auc=0.7965 f1=0.7098 spec=0.7434 sens=0.6918 prec=0.7287 npv=0.7077 ||||| val_loss=0.5758 | val acc=0.7257 auc=0.8009 f1=0.7132 spec=0.7693 sens=0.6821 prec=0.7473 npv=0.7076 | early_stop=1/15
2026-03-27 01:57:58 [INFO] lr=0.0001 | Epoch 19/500 | train_loss=0.6197 | train acc=0.7197 auc=0.7996 f1=0.7165 spec=0.7376 sens=0.7022 prec=0.7313 npv=0.7088 ||||| val_loss=0.5718 | val acc=0.7289 auc=0.8060 f1=0.7085 spec=0.7992 sens=0.6587 prec=0.7664 npv=0.7007 | early_stop=2/15
2026-03-27 01:59:31 [INFO] lr=0.0001 | Epoch 20/500 | train_loss=0.6185 | train acc=0.7199 auc=0.7999 f1=0.7143 spec=0.7431 sens=0.6970 prec=0.7325 npv=0.7084 ||||| val_loss=0.5671 | val acc=0.7363 auc=0.8153 f1=0.7018 spec=0.8520 sens=0.6206 prec=0.8075 npv=0.6919 | early_stop=3/15 | BEST_SAVE AUC=0.8153
2026-03-27 02:01:03 [INFO] lr=0.0001 | Epoch 21/500 | train_loss=0.6160 | train acc=0.7249 auc=0.8032 f1=0.7155 spec=0.7556 sens=0.6940 prec=0.7384 npv=0.7130 ||||| val_loss=0.5663 | val acc=0.7305 auc=0.8096 f1=0.7195 spec=0.7700 sens=0.6911 prec=0.7503 npv=0.7137 | early_stop=4/15
2026-03-27 02:02:32 [INFO] lr=0.0001 | Epoch 22/500 | train_loss=0.6106 | train acc=0.7261 auc=0.8084 f1=0.7196 spec=0.7488 sens=0.7033 prec=0.7367 npv=0.7163 ||||| val_loss=0.5571 | val acc=0.7383 auc=0.8198 f1=0.7331 spec=0.7577 sens=0.7188 prec=0.7479 npv=0.7294 | early_stop=0/15 | BEST_SAVE AUC=0.8198
2026-03-27 02:04:06 [INFO] lr=0.0001 | Epoch 23/500 | train_loss=0.6093 | train acc=0.7273 auc=0.8107 f1=0.7221 spec=0.7480 sens=0.7067 prec=0.7382 npv=0.7173 ||||| val_loss=0.5565 | val acc=0.7348 auc=0.8181 f1=0.7247 spec=0.7715 sens=0.6981 prec=0.7534 npv=0.7187 | early_stop=0/15
2026-03-27 02:05:39 [INFO] lr=0.0001 | Epoch 24/500 | train_loss=0.6090 | train acc=0.7279 auc=0.8102 f1=0.7194 spec=0.7557 sens=0.6998 prec=0.7400 npv=0.7170 ||||| val_loss=0.5539 | val acc=0.7384 auc=0.8203 f1=0.7232 spec=0.7931 sens=0.6837 prec=0.7676 npv=0.7149 | early_stop=0/15 | BEST_SAVE AUC=0.8203
2026-03-27 02:07:07 [INFO] lr=0.0001 | Epoch 25/500 | train_loss=0.6077 | train acc=0.7284 auc=0.8122 f1=0.7243 spec=0.7435 sens=0.7133 prec=0.7356 npv=0.7217 ||||| val_loss=0.5516 | val acc=0.7427 auc=0.8219 f1=0.7232 spec=0.8133 sens=0.6721 prec=0.7826 npv=0.7127 | early_stop=0/15 | BEST_SAVE AUC=0.8219
2026-03-27 02:08:38 [INFO] lr=0.0001 | Epoch 26/500 | train_loss=0.6039 | train acc=0.7322 auc=0.8168 f1=0.7274 spec=0.7512 sens=0.7133 prec=0.7422 npv=0.7229 ||||| val_loss=0.5392 | val acc=0.7463 auc=0.8317 f1=0.7339 spec=0.7929 sens=0.6996 prec=0.7716 npv=0.7253 | early_stop=0/15 | BEST_SAVE AUC=0.8317
2026-03-27 02:10:02 [INFO] lr=0.0001 | Epoch 27/500 | train_loss=0.6009 | train acc=0.7366 auc=0.8194 f1=0.7290 spec=0.7629 sens=0.7102 prec=0.7487 npv=0.7257 ||||| val_loss=0.5569 | val acc=0.7319 auc=0.8195 f1=0.7210 spec=0.7712 sens=0.6927 prec=0.7517 npv=0.7150 | early_stop=1/15
2026-03-27 02:11:28 [INFO] lr=0.0001 | Epoch 28/500 | train_loss=0.6004 | train acc=0.7365 auc=0.8206 f1=0.7317 spec=0.7556 sens=0.7175 prec=0.7465 npv=0.7273 ||||| val_loss=0.5451 | val acc=0.7435 auc=0.8292 f1=0.7349 spec=0.7762 sens=0.7108 prec=0.7606 npv=0.7286 | early_stop=2/15
2026-03-27 02:12:58 [INFO] lr=0.0001 | Epoch 29/500 | train_loss=0.5999 | train acc=0.7389 auc=0.8211 f1=0.7352 spec=0.7537 sens=0.7241 prec=0.7466 npv=0.7316 ||||| val_loss=0.5439 | val acc=0.7404 auc=0.8279 f1=0.7319 spec=0.7722 sens=0.7086 prec=0.7567 npv=0.7260 | early_stop=3/15
2026-03-27 02:14:28 [INFO] lr=0.0001 | Epoch 30/500 | train_loss=0.5951 | train acc=0.7391 auc=0.8255 f1=0.7334 spec=0.7592 sens=0.7190 prec=0.7484 npv=0.7305 ||||| val_loss=0.5390 | val acc=0.7450 auc=0.8323 f1=0.7421 spec=0.7562 sens=0.7338 prec=0.7506 npv=0.7396 | early_stop=0/15 | BEST_SAVE AUC=0.8323
2026-03-27 02:15:57 [INFO] lr=0.0001 | Epoch 31/500 | train_loss=0.5951 | train acc=0.7385 auc=0.8246 f1=0.7337 spec=0.7587 sens=0.7185 prec=0.7496 npv=0.7284 ||||| val_loss=0.5424 | val acc=0.7473 auc=0.8293 f1=0.7350 spec=0.7937 sens=0.7008 prec=0.7726 npv=0.7263 | early_stop=1/15
2026-03-27 02:17:25 [INFO] lr=0.0001 | Epoch 32/500 | train_loss=0.5921 | train acc=0.7444 auc=0.8287 f1=0.7374 spec=0.7679 sens=0.7208 prec=0.7547 npv=0.7352 ||||| val_loss=0.5404 | val acc=0.7427 auc=0.8313 f1=0.7339 spec=0.7759 sens=0.7095 prec=0.7600 npv=0.7276 | early_stop=2/15
2026-03-27 02:18:50 [INFO] lr=0.0001 | Epoch 33/500 | train_loss=0.5907 | train acc=0.7435 auc=0.8303 f1=0.7403 spec=0.7588 sens=0.7283 prec=0.7527 npv=0.7349 ||||| val_loss=0.5398 | val acc=0.7472 auc=0.8327 f1=0.7313 spec=0.8063 sens=0.6881 prec=0.7803 npv=0.7211 | early_stop=3/15 | BEST_SAVE AUC=0.8327
2026-03-27 02:20:17 [INFO] lr=0.0001 | Epoch 34/500 | train_loss=0.5876 | train acc=0.7482 auc=0.8335 f1=0.7421 spec=0.7672 sens=0.7290 prec=0.7557 npv=0.7413 ||||| val_loss=0.5297 | val acc=0.7539 auc=0.8418 f1=0.7385 spec=0.8128 sens=0.6950 prec=0.7878 npv=0.7272 | early_stop=0/15 | BEST_SAVE AUC=0.8418
2026-03-27 02:21:46 [INFO] lr=0.0001 | Epoch 35/500 | train_loss=0.5856 | train acc=0.7500 auc=0.8360 f1=0.7487 spec=0.7625 sens=0.7376 prec=0.7601 npv=0.7402 ||||| val_loss=0.5322 | val acc=0.7501 auc=0.8365 f1=0.7416 spec=0.7830 sens=0.7171 prec=0.7677 npv=0.7346 | early_stop=1/15
2026-03-27 02:23:14 [INFO] lr=0.0001 | Epoch 36/500 | train_loss=0.5838 | train acc=0.7487 auc=0.8373 f1=0.7448 spec=0.7647 sens=0.7327 prec=0.7573 npv=0.7406 ||||| val_loss=0.5285 | val acc=0.7570 auc=0.8412 f1=0.7428 spec=0.8119 sens=0.7020 prec=0.7887 npv=0.7315 | early_stop=0/15
2026-03-27 02:24:42 [INFO] lr=0.0001 | Epoch 37/500 | train_loss=0.5806 | train acc=0.7531 auc=0.8410 f1=0.7506 spec=0.7645 sens=0.7418 prec=0.7595 npv=0.7471 ||||| val_loss=0.5368 | val acc=0.7444 auc=0.8359 f1=0.7461 spec=0.7379 sens=0.7509 prec=0.7412 npv=0.7476 | early_stop=1/15
2026-03-27 02:26:09 [INFO] lr=0.0001 | Epoch 38/500 | train_loss=0.5782 | train acc=0.7547 auc=0.8430 f1=0.7524 spec=0.7648 sens=0.7447 prec=0.7603 npv=0.7494 ||||| val_loss=0.5298 | val acc=0.7475 auc=0.8401 f1=0.7435 spec=0.7628 sens=0.7321 prec=0.7553 npv=0.7401 | early_stop=2/15
2026-03-27 02:27:41 [INFO] lr=0.0001 | Epoch 39/500 | train_loss=0.5754 | train acc=0.7575 auc=0.8454 f1=0.7538 spec=0.7710 sens=0.7439 prec=0.7639 npv=0.7514 ||||| val_loss=0.5262 | val acc=0.7542 auc=0.8423 f1=0.7423 spec=0.8007 sens=0.7078 prec=0.7803 npv=0.7326 | early_stop=0/15 | BEST_SAVE AUC=0.8423
2026-03-27 02:29:13 [INFO] lr=0.0001 | Epoch 40/500 | train_loss=0.5757 | train acc=0.7572 auc=0.8450 f1=0.7523 spec=0.7752 sens=0.7391 prec=0.7659 npv=0.7491 ||||| val_loss=0.5236 | val acc=0.7559 auc=0.8452 f1=0.7474 spec=0.7895 sens=0.7222 prec=0.7743 npv=0.7397 | early_stop=0/15 | BEST_SAVE AUC=0.8452
2026-03-27 02:30:45 [INFO] lr=0.0001 | Epoch 41/500 | train_loss=0.5733 | train acc=0.7598 auc=0.8479 f1=0.7565 spec=0.7720 sens=0.7476 prec=0.7657 npv=0.7543 ||||| val_loss=0.5264 | val acc=0.7564 auc=0.8431 f1=0.7541 spec=0.7657 sens=0.7470 prec=0.7613 npv=0.7517 | early_stop=1/15
2026-03-27 02:32:17 [INFO] lr=0.0001 | Epoch 42/500 | train_loss=0.5696 | train acc=0.7614 auc=0.8512 f1=0.7579 spec=0.7710 sens=0.7516 prec=0.7643 npv=0.7586 ||||| val_loss=0.5188 | val acc=0.7540 auc=0.8479 f1=0.7513 spec=0.7649 sens=0.7431 prec=0.7596 npv=0.7486 | early_stop=0/15 | BEST_SAVE AUC=0.8479
2026-03-27 02:33:48 [INFO] lr=0.0001 | Epoch 43/500 | train_loss=0.5688 | train acc=0.7649 auc=0.8519 f1=0.7621 spec=0.7769 sens=0.7529 prec=0.7716 npv=0.7585 ||||| val_loss=0.5180 | val acc=0.7615 auc=0.8488 f1=0.7597 spec=0.7689 sens=0.7540 prec=0.7654 npv=0.7576 | early_stop=0/15 | BEST_SAVE AUC=0.8488
2026-03-27 02:35:17 [INFO] lr=0.0001 | Epoch 44/500 | train_loss=0.5679 | train acc=0.7650 auc=0.8527 f1=0.7626 spec=0.7735 sens=0.7564 prec=0.7690 npv=0.7611 ||||| val_loss=0.5229 | val acc=0.7561 auc=0.8453 f1=0.7489 spec=0.7847 sens=0.7275 prec=0.7717 npv=0.7422 | early_stop=1/15
2026-03-27 02:36:50 [INFO] lr=0.0001 | Epoch 45/500 | train_loss=0.5639 | train acc=0.7696 auc=0.8569 f1=0.7675 spec=0.7773 sens=0.7618 prec=0.7733 npv=0.7660 ||||| val_loss=0.5187 | val acc=0.7570 auc=0.8490 f1=0.7442 spec=0.8068 sens=0.7071 prec=0.7854 npv=0.7337 | early_stop=2/15 | BEST_SAVE AUC=0.8490
2026-03-27 02:38:24 [INFO] lr=0.0001 | Epoch 46/500 | train_loss=0.5649 | train acc=0.7689 auc=0.8557 f1=0.7652 spec=0.7789 sens=0.7587 prec=0.7719 npv=0.7660 ||||| val_loss=0.5193 | val acc=0.7606 auc=0.8512 f1=0.7453 spec=0.8209 sens=0.7003 prec=0.7964 npv=0.7326 | early_stop=3/15 | BEST_SAVE AUC=0.8512
2026-03-27 02:39:57 [INFO] lr=0.0001 | Epoch 47/500 | train_loss=0.5607 | train acc=0.7693 auc=0.8594 f1=0.7676 spec=0.7767 sens=0.7619 prec=0.7733 npv=0.7653 ||||| val_loss=0.5112 | val acc=0.7627 auc=0.8543 f1=0.7617 spec=0.7666 sens=0.7587 prec=0.7647 npv=0.7606 | early_stop=0/15 | BEST_SAVE AUC=0.8543
2026-03-27 02:41:29 [INFO] lr=0.0001 | Epoch 48/500 | train_loss=0.5619 | train acc=0.7692 auc=0.8588 f1=0.7690 spec=0.7721 sens=0.7663 prec=0.7717 npv=0.7667 ||||| val_loss=0.5082 | val acc=0.7673 auc=0.8560 f1=0.7640 spec=0.7815 sens=0.7531 prec=0.7751 npv=0.7600 | early_stop=0/15 | BEST_SAVE AUC=0.8560
2026-03-27 02:43:02 [INFO] lr=0.0001 | Epoch 49/500 | train_loss=0.5555 | train acc=0.7750 auc=0.8641 f1=0.7746 spec=0.7775 sens=0.7726 prec=0.7766 npv=0.7735 ||||| val_loss=0.5039 | val acc=0.7717 auc=0.8600 f1=0.7677 spec=0.7888 sens=0.7545 prec=0.7813 npv=0.7626 | early_stop=0/15 | BEST_SAVE AUC=0.8600
2026-03-27 02:44:40 [INFO] lr=0.0001 | Epoch 50/500 | train_loss=0.5551 | train acc=0.7745 auc=0.8649 f1=0.7735 spec=0.7767 sens=0.7723 prec=0.7747 npv=0.7744 ||||| val_loss=0.5095 | val acc=0.7603 auc=0.8551 f1=0.7623 spec=0.7516 sens=0.7689 prec=0.7558 npv=0.7649 | early_stop=1/15
2026-03-27 02:46:15 [INFO] lr=0.0001 | Epoch 51/500 | train_loss=0.5526 | train acc=0.7746 auc=0.8672 f1=0.7749 spec=0.7730 sens=0.7762 prec=0.7736 npv=0.7756 ||||| val_loss=0.5138 | val acc=0.7621 auc=0.8533 f1=0.7589 spec=0.7752 sens=0.7489 prec=0.7692 npv=0.7553 | early_stop=2/15
2026-03-27 02:47:47 [INFO] lr=0.0001 | Epoch 52/500 | train_loss=0.5501 | train acc=0.7804 auc=0.8692 f1=0.7793 spec=0.7825 sens=0.7784 prec=0.7802 npv=0.7806 ||||| val_loss=0.5026 | val acc=0.7696 auc=0.8603 f1=0.7716 spec=0.7608 sens=0.7785 prec=0.7649 npv=0.7745 | early_stop=0/15 | BEST_SAVE AUC=0.8603
2026-03-27 02:49:18 [INFO] lr=0.0001 | Epoch 53/500 | train_loss=0.5496 | train acc=0.7798 auc=0.8693 f1=0.7803 spec=0.7785 sens=0.7811 prec=0.7795 npv=0.7801 ||||| val_loss=0.5043 | val acc=0.7702 auc=0.8596 f1=0.7726 spec=0.7596 sens=0.7808 prec=0.7646 npv=0.7761 | early_stop=1/15
2026-03-27 02:50:51 [INFO] lr=0.0001 | Epoch 54/500 | train_loss=0.5449 | train acc=0.7832 auc=0.8739 f1=0.7830 spec=0.7811 sens=0.7854 prec=0.7807 npv=0.7858 ||||| val_loss=0.4990 | val acc=0.7734 auc=0.8640 f1=0.7711 spec=0.7837 sens=0.7632 prec=0.7792 npv=0.7679 | early_stop=0/15 | BEST_SAVE AUC=0.8640
2026-03-27 02:52:25 [INFO] lr=0.0001 | Epoch 55/500 | train_loss=0.5451 | train acc=0.7848 auc=0.8735 f1=0.7850 spec=0.7840 sens=0.7856 prec=0.7844 npv=0.7852 ||||| val_loss=0.5016 | val acc=0.7779 auc=0.8616 f1=0.7691 spec=0.8163 sens=0.7396 prec=0.8011 npv=0.7581 | early_stop=1/15
2026-03-27 02:54:01 [INFO] lr=0.0001 | Epoch 56/500 | train_loss=0.5435 | train acc=0.7858 auc=0.8747 f1=0.7844 spec=0.7889 sens=0.7826 prec=0.7861 npv=0.7855 ||||| val_loss=0.5013 | val acc=0.7751 auc=0.8622 f1=0.7700 spec=0.7970 sens=0.7531 prec=0.7877 npv=0.7635 | early_stop=2/15
2026-03-27 02:55:37 [INFO] lr=0.0001 | Epoch 57/500 | train_loss=0.5401 | train acc=0.7861 auc=0.8776 f1=0.7871 spec=0.7821 sens=0.7900 prec=0.7842 npv=0.7880 ||||| val_loss=0.5011 | val acc=0.7715 auc=0.8607 f1=0.7650 spec=0.7992 sens=0.7438 prec=0.7874 npv=0.7572 | early_stop=3/15
2026-03-27 02:57:14 [INFO] lr=0.0001 | Epoch 58/500 | train_loss=0.5392 | train acc=0.7857 auc=0.8783 f1=0.7871 spec=0.7767 sens=0.7946 prec=0.7797 npv=0.7918 ||||| val_loss=0.5016 | val acc=0.7728 auc=0.8622 f1=0.7637 spec=0.8111 sens=0.7345 prec=0.7954 npv=0.7534 | early_stop=4/15
2026-03-27 02:58:48 [INFO] lr=0.0001 | Epoch 59/500 | train_loss=0.5366 | train acc=0.7897 auc=0.8802 f1=0.7902 spec=0.7854 sens=0.7940 prec=0.7864 npv=0.7930 ||||| val_loss=0.4954 | val acc=0.7773 auc=0.8656 f1=0.7777 spec=0.7754 sens=0.7791 prec=0.7762 npv=0.7783 | early_stop=0/15 | BEST_SAVE AUC=0.8656
2026-03-27 03:00:23 [INFO] lr=0.0001 | Epoch 60/500 | train_loss=0.5339 | train acc=0.7913 auc=0.8824 f1=0.7919 spec=0.7875 sens=0.7952 prec=0.7887 npv=0.7940 ||||| val_loss=0.5012 | val acc=0.7724 auc=0.8618 f1=0.7695 spec=0.7853 sens=0.7596 prec=0.7796 npv=0.7656 | early_stop=1/15
2026-03-27 03:01:58 [INFO] lr=0.0001 | Epoch 61/500 | train_loss=0.5331 | train acc=0.7924 auc=0.8832 f1=0.7931 spec=0.7878 sens=0.7970 prec=0.7893 npv=0.7956 ||||| val_loss=0.4952 | val acc=0.7712 auc=0.8643 f1=0.7717 spec=0.7691 sens=0.7734 prec=0.7701 npv=0.7724 | early_stop=0/15
2026-03-27 03:03:33 [INFO] lr=0.0001 | Epoch 62/500 | train_loss=0.5333 | train acc=0.7937 auc=0.8831 f1=0.7942 spec=0.7902 sens=0.7971 prec=0.7913 npv=0.7961 ||||| val_loss=0.4995 | val acc=0.7794 auc=0.8637 f1=0.7751 spec=0.7983 sens=0.7604 prec=0.7904 npv=0.7692 | early_stop=1/15
2026-03-27 03:05:09 [INFO] lr=0.0001 | Epoch 63/500 | train_loss=0.5254 | train acc=0.7995 auc=0.8890 f1=0.8004 spec=0.7939 sens=0.8052 prec=0.7958 npv=0.8034 ||||| val_loss=0.4928 | val acc=0.7753 auc=0.8675 f1=0.7783 spec=0.7618 sens=0.7888 prec=0.7681 npv=0.7830 | early_stop=0/15 | BEST_SAVE AUC=0.8675
2026-03-27 03:06:42 [INFO] lr=0.0001 | Epoch 64/500 | train_loss=0.5272 | train acc=0.7985 auc=0.8878 f1=0.7991 spec=0.7926 sens=0.8043 prec=0.7939 npv=0.8031 ||||| val_loss=0.4943 | val acc=0.7739 auc=0.8661 f1=0.7738 spec=0.7742 sens=0.7735 prec=0.7741 npv=0.7737 | early_stop=1/15
2026-03-27 03:08:19 [INFO] lr=0.0001 | Epoch 65/500 | train_loss=0.5227 | train acc=0.8001 auc=0.8910 f1=0.8018 spec=0.7923 sens=0.8079 prec=0.7958 npv=0.8046 ||||| val_loss=0.4930 | val acc=0.7802 auc=0.8682 f1=0.7721 spec=0.8153 sens=0.7450 prec=0.8014 npv=0.7617 | early_stop=2/15 | BEST_SAVE AUC=0.8682
2026-03-27 03:09:53 [INFO] lr=0.0001 | Epoch 66/500 | train_loss=0.5257 | train acc=0.8000 auc=0.8890 f1=0.7999 spec=0.7959 sens=0.8042 prec=0.7957 npv=0.8044 ||||| val_loss=0.4797 | val acc=0.7881 auc=0.8757 f1=0.7824 spec=0.8140 sens=0.7621 prec=0.8038 npv=0.7739 | early_stop=0/15 | BEST_SAVE AUC=0.8757
2026-03-27 03:11:26 [INFO] lr=0.0001 | Epoch 67/500 | train_loss=0.5194 | train acc=0.8050 auc=0.8939 f1=0.8065 spec=0.7974 sens=0.8126 prec=0.8005 npv=0.8097 ||||| val_loss=0.4870 | val acc=0.7807 auc=0.8704 f1=0.7817 spec=0.7757 sens=0.7856 prec=0.7779 npv=0.7835 | early_stop=1/15
2026-03-27 03:13:16 [INFO] lr=0.0001 | Epoch 68/500 | train_loss=0.5203 | train acc=0.8039 auc=0.8931 f1=0.8056 spec=0.7953 sens=0.8126 prec=0.7987 npv=0.8094 ||||| val_loss=0.4954 | val acc=0.7751 auc=0.8657 f1=0.7721 spec=0.7887 sens=0.7616 prec=0.7828 npv=0.7679 | early_stop=2/15
2026-03-27 03:15:22 [INFO] lr=0.0001 | Epoch 69/500 | train_loss=0.5155 | train acc=0.8063 auc=0.8967 f1=0.8087 spec=0.7954 sens=0.8171 prec=0.8005 npv=0.8124 ||||| val_loss=0.4893 | val acc=0.7739 auc=0.8691 f1=0.7757 spec=0.7655 sens=0.7822 prec=0.7694 npv=0.7785 | early_stop=3/15
2026-03-27 03:16:46 [INFO] lr=0.0001 | Epoch 70/500 | train_loss=0.5134 | train acc=0.8079 auc=0.8982 f1=0.8098 spec=0.7979 sens=0.8178 prec=0.8019 npv=0.8141 ||||| val_loss=0.4764 | val acc=0.7889 auc=0.8782 f1=0.7907 spec=0.7802 sens=0.7977 prec=0.7839 npv=0.7941 | early_stop=0/15 | BEST_SAVE AUC=0.8782
2026-03-27 03:18:01 [INFO] lr=0.0001 | Epoch 71/500 | train_loss=0.5161 | train acc=0.8054 auc=0.8964 f1=0.8084 spec=0.7910 sens=0.8198 prec=0.7973 npv=0.8140 ||||| val_loss=0.4786 | val acc=0.7920 auc=0.8780 f1=0.7834 spec=0.8315 sens=0.7525 prec=0.8170 npv=0.7706 | early_stop=1/15
2026-03-27 03:19:13 [INFO] lr=0.0001 | Epoch 72/500 | train_loss=0.5083 | train acc=0.8140 auc=0.9017 f1=0.8149 spec=0.8072 sens=0.8208 prec=0.8092 npv=0.8189 ||||| val_loss=0.4765 | val acc=0.7874 auc=0.8777 f1=0.7829 spec=0.8078 sens=0.7669 prec=0.7996 npv=0.7761 | early_stop=2/15
2026-03-27 03:20:28 [INFO] lr=0.0001 | Epoch 73/500 | train_loss=0.5047 | train acc=0.8159 auc=0.9043 f1=0.8171 spec=0.8066 sens=0.8253 prec=0.8090 npv=0.8231 ||||| val_loss=0.4904 | val acc=0.7848 auc=0.8699 f1=0.7828 spec=0.7943 sens=0.7754 prec=0.7903 npv=0.7796 | early_stop=3/15
2026-03-27 03:21:38 [INFO] lr=0.0001 | Epoch 74/500 | train_loss=0.5044 | train acc=0.8157 auc=0.9046 f1=0.8162 spec=0.8085 sens=0.8229 prec=0.8095 npv=0.8220 ||||| val_loss=0.4703 | val acc=0.7939 auc=0.8826 f1=0.7892 spec=0.8162 sens=0.7717 prec=0.8076 npv=0.7814 | early_stop=0/15 | BEST_SAVE AUC=0.8826
2026-03-27 03:22:53 [INFO] lr=0.0001 | Epoch 75/500 | train_loss=0.5019 | train acc=0.8188 auc=0.9062 f1=0.8202 spec=0.8085 sens=0.8292 prec=0.8114 npv=0.8265 ||||| val_loss=0.4817 | val acc=0.7903 auc=0.8756 f1=0.7857 spec=0.8123 sens=0.7684 prec=0.8037 npv=0.7782 | early_stop=1/15
2026-03-27 03:24:05 [INFO] lr=0.0001 | Epoch 76/500 | train_loss=0.5045 | train acc=0.8167 auc=0.9045 f1=0.8182 spec=0.8080 sens=0.8254 prec=0.8112 npv=0.8223 ||||| val_loss=0.4819 | val acc=0.7867 auc=0.8756 f1=0.7872 spec=0.7842 sens=0.7892 prec=0.7853 npv=0.7881 | early_stop=2/15
2026-03-27 03:25:16 [INFO] lr=0.0001 | Epoch 77/500 | train_loss=0.5008 | train acc=0.8198 auc=0.9073 f1=0.8216 spec=0.8068 sens=0.8328 prec=0.8108 npv=0.8292 ||||| val_loss=0.4723 | val acc=0.7945 auc=0.8805 f1=0.7933 spec=0.8002 sens=0.7888 prec=0.7979 npv=0.7912 | early_stop=3/15
2026-03-27 03:26:29 [INFO] lr=0.0001 | Epoch 78/500 | train_loss=0.4964 | train acc=0.8226 auc=0.9100 f1=0.8255 spec=0.8086 sens=0.8366 prec=0.8147 npv=0.8311 ||||| val_loss=0.4790 | val acc=0.7820 auc=0.8766 f1=0.7808 spec=0.7876 sens=0.7764 prec=0.7852 npv=0.7789 | early_stop=4/15
2026-03-27 03:27:45 [INFO] lr=0.0001 | Epoch 79/500 | train_loss=0.4941 | train acc=0.8232 auc=0.9114 f1=0.8248 spec=0.8112 sens=0.8353 prec=0.8145 npv=0.8323 ||||| val_loss=0.4645 | val acc=0.7944 auc=0.8848 f1=0.7946 spec=0.7936 sens=0.7953 prec=0.7939 npv=0.7949 | early_stop=0/15 | BEST_SAVE AUC=0.8848
2026-03-27 03:29:06 [INFO] lr=0.0001 | Epoch 80/500 | train_loss=0.4902 | train acc=0.8271 auc=0.9141 f1=0.8296 spec=0.8150 sens=0.8390 prec=0.8205 npv=0.8340 ||||| val_loss=0.4706 | val acc=0.7937 auc=0.8838 f1=0.7905 spec=0.8089 sens=0.7785 prec=0.8029 npv=0.7850 | early_stop=1/15
2026-03-27 03:30:20 [INFO] lr=0.0001 | Epoch 81/500 | train_loss=0.4888 | train acc=0.8294 auc=0.9151 f1=0.8319 spec=0.8167 sens=0.8420 prec=0.8220 npv=0.8371 ||||| val_loss=0.4606 | val acc=0.8038 auc=0.8906 f1=0.7952 spec=0.8454 sens=0.7621 prec=0.8314 npv=0.7804 | early_stop=0/15 | BEST_SAVE AUC=0.8906
2026-03-27 03:31:35 [INFO] lr=0.0001 | Epoch 82/500 | train_loss=0.4873 | train acc=0.8283 auc=0.9160 f1=0.8301 spec=0.8165 sens=0.8401 prec=0.8203 npv=0.8366 ||||| val_loss=0.4630 | val acc=0.7935 auc=0.8865 f1=0.7980 spec=0.7712 sens=0.8158 prec=0.7809 npv=0.8072 | early_stop=1/15
2026-03-27 03:32:53 [INFO] lr=0.0001 | Epoch 83/500 | train_loss=0.4840 | train acc=0.8311 auc=0.9181 f1=0.8332 spec=0.8182 sens=0.8440 prec=0.8226 npv=0.8400 ||||| val_loss=0.4685 | val acc=0.7946 auc=0.8842 f1=0.7931 spec=0.8017 sens=0.7875 prec=0.7989 npv=0.7905 | early_stop=2/15
2026-03-27 03:34:10 [INFO] lr=0.0001 | Epoch 84/500 | train_loss=0.4804 | train acc=0.8344 auc=0.9204 f1=0.8351 spec=0.8224 sens=0.8465 prec=0.8240 npv=0.8450 ||||| val_loss=0.4698 | val acc=0.8016 auc=0.8862 f1=0.7964 spec=0.8274 sens=0.7759 prec=0.8180 npv=0.7869 | early_stop=3/15
2026-03-27 03:35:29 [INFO] lr=0.0001 | Epoch 85/500 | train_loss=0.4801 | train acc=0.8346 auc=0.9204 f1=0.8383 spec=0.8193 sens=0.8497 prec=0.8272 npv=0.8426 ||||| val_loss=0.4664 | val acc=0.7973 auc=0.8857 f1=0.7936 spec=0.8155 sens=0.7791 prec=0.8085 npv=0.7869 | early_stop=4/15
2026-03-27 03:36:49 [INFO] lr=0.0001 | Epoch 86/500 | train_loss=0.4781 | train acc=0.8343 auc=0.9218 f1=0.8370 spec=0.8210 sens=0.8476 prec=0.8266 npv=0.8426 ||||| val_loss=0.4634 | val acc=0.8004 auc=0.8879 f1=0.7971 spec=0.8163 sens=0.7844 prec=0.8103 npv=0.7911 | early_stop=5/15
2026-03-27 03:38:09 [INFO] lr=5e-05 | Epoch 87/500 | train_loss=0.4763 | train acc=0.8365 auc=0.9228 f1=0.8384 spec=0.8217 sens=0.8515 prec=0.8257 npv=0.8480 ||||| val_loss=0.4788 | val acc=0.7934 auc=0.8816 f1=0.7870 spec=0.8235 sens=0.7633 prec=0.8122 npv=0.7768 | early_stop=6/15
2026-03-27 03:39:25 [INFO] lr=5e-05 | Epoch 88/500 | train_loss=0.4726 | train acc=0.8391 auc=0.9249 f1=0.8420 spec=0.8236 sens=0.8545 prec=0.8298 npv=0.8490 ||||| val_loss=0.4463 | val acc=0.8078 auc=0.8970 f1=0.8037 spec=0.8287 sens=0.7870 prec=0.8213 npv=0.7955 | early_stop=0/15 | BEST_SAVE AUC=0.8970
2026-03-27 03:40:53 [INFO] lr=5e-05 | Epoch 89/500 | train_loss=0.4682 | train acc=0.8447 auc=0.9276 f1=0.8455 spec=0.8341 sens=0.8554 prec=0.8359 npv=0.8537 ||||| val_loss=0.4464 | val acc=0.8086 auc=0.8968 f1=0.8052 spec=0.8262 sens=0.7910 prec=0.8199 npv=0.7981 | early_stop=1/15
2026-03-27 03:42:18 [INFO] lr=5e-05 | Epoch 90/500 | train_loss=0.4693 | train acc=0.8407 auc=0.9270 f1=0.8430 spec=0.8260 sens=0.8554 prec=0.8310 npv=0.8511 ||||| val_loss=0.4448 | val acc=0.8075 auc=0.8977 f1=0.8051 spec=0.8199 sens=0.7951 prec=0.8153 npv=0.8001 | early_stop=0/15 | BEST_SAVE AUC=0.8977
2026-03-27 03:43:48 [INFO] lr=5e-05 | Epoch 91/500 | train_loss=0.4674 | train acc=0.8446 auc=0.9280 f1=0.8458 spec=0.8349 sens=0.8543 prec=0.8375 npv=0.8519 ||||| val_loss=0.4434 | val acc=0.8140 auc=0.8987 f1=0.8094 spec=0.8379 sens=0.7900 prec=0.8298 npv=0.7996 | early_stop=0/15 | BEST_SAVE AUC=0.8987
2026-03-27 03:45:23 [INFO] lr=5e-05 | Epoch 92/500 | train_loss=0.4678 | train acc=0.8440 auc=0.9278 f1=0.8455 spec=0.8317 sens=0.8563 prec=0.8350 npv=0.8534 ||||| val_loss=0.4440 | val acc=0.8101 auc=0.8991 f1=0.8055 spec=0.8342 sens=0.7861 prec=0.8258 npv=0.7959 | early_stop=1/15 | BEST_SAVE AUC=0.8991
2026-03-27 03:46:49 [INFO] lr=5e-05 | Epoch 93/500 | train_loss=0.4641 | train acc=0.8455 auc=0.9300 f1=0.8479 spec=0.8307 sens=0.8602 prec=0.8359 npv=0.8557 ||||| val_loss=0.4474 | val acc=0.8108 auc=0.8984 f1=0.8036 spec=0.8474 sens=0.7742 prec=0.8354 npv=0.7896 | early_stop=2/15
2026-03-27 03:48:02 [INFO] lr=5e-05 | Epoch 94/500 | train_loss=0.4585 | train acc=0.8504 auc=0.9332 f1=0.8530 spec=0.8351 sens=0.8657 prec=0.8406 npv=0.8610 ||||| val_loss=0.4423 | val acc=0.8112 auc=0.9010 f1=0.8058 spec=0.8394 sens=0.7830 prec=0.8299 npv=0.7946 | early_stop=0/15 | BEST_SAVE AUC=0.9010
2026-03-27 03:49:12 [INFO] lr=5e-05 | Epoch 95/500 | train_loss=0.4576 | train acc=0.8492 auc=0.9337 f1=0.8509 spec=0.8337 sens=0.8648 prec=0.8374 npv=0.8615 ||||| val_loss=0.4426 | val acc=0.8131 auc=0.8999 f1=0.8089 spec=0.8352 sens=0.7910 prec=0.8276 npv=0.7999 | early_stop=1/15
2026-03-27 03:50:25 [INFO] lr=5e-05 | Epoch 96/500 | train_loss=0.4535 | train acc=0.8531 auc=0.9359 f1=0.8559 spec=0.8370 sens=0.8691 prec=0.8432 npv=0.8637 ||||| val_loss=0.4499 | val acc=0.8087 auc=0.8970 f1=0.8052 spec=0.8269 sens=0.7905 prec=0.8203 npv=0.7979 | early_stop=2/15
2026-03-27 03:51:37 [INFO] lr=5e-05 | Epoch 97/500 | train_loss=0.4545 | train acc=0.8532 auc=0.9353 f1=0.8557 spec=0.8377 sens=0.8687 prec=0.8431 npv=0.8640 ||||| val_loss=0.4432 | val acc=0.8138 auc=0.9003 f1=0.8110 spec=0.8284 sens=0.7992 prec=0.8232 npv=0.8049 | early_stop=3/15
2026-03-27 03:52:49 [INFO] lr=5e-05 | Epoch 98/500 | train_loss=0.4513 | train acc=0.8548 auc=0.9371 f1=0.8562 spec=0.8422 sens=0.8673 prec=0.8454 npv=0.8646 ||||| val_loss=0.4488 | val acc=0.8073 auc=0.8984 f1=0.8022 spec=0.8332 sens=0.7815 prec=0.8241 npv=0.7922 | early_stop=4/15
2026-03-27 03:54:07 [INFO] lr=5e-05 | Epoch 99/500 | train_loss=0.4532 | train acc=0.8532 auc=0.9359 f1=0.8562 spec=0.8379 sens=0.8684 prec=0.8443 npv=0.8629 ||||| val_loss=0.4415 | val acc=0.8107 auc=0.9000 f1=0.8083 spec=0.8231 sens=0.7982 prec=0.8186 npv=0.8031 | early_stop=0/15
2026-03-27 03:55:28 [INFO] lr=5e-05 | Epoch 100/500 | train_loss=0.4478 | train acc=0.8570 auc=0.9390 f1=0.8583 spec=0.8435 sens=0.8706 prec=0.8464 npv=0.8681 ||||| val_loss=0.4427 | val acc=0.8133 auc=0.9019 f1=0.8092 spec=0.8345 sens=0.7920 prec=0.8272 npv=0.8005 | early_stop=1/15 | BEST_SAVE AUC=0.9019
2026-03-27 03:56:40 [INFO] lr=5e-05 | Epoch 101/500 | train_loss=0.4474 | train acc=0.8566 auc=0.9391 f1=0.8594 spec=0.8383 sens=0.8748 prec=0.8445 npv=0.8697 ||||| val_loss=0.4458 | val acc=0.8122 auc=0.9007 f1=0.8063 spec=0.8423 sens=0.7820 prec=0.8322 npv=0.7944 | early_stop=2/15
2026-03-27 03:57:51 [INFO] lr=5e-05 | Epoch 102/500 | train_loss=0.4494 | train acc=0.8562 auc=0.9382 f1=0.8582 spec=0.8416 sens=0.8708 prec=0.8460 npv=0.8671 ||||| val_loss=0.4451 | val acc=0.8163 auc=0.9013 f1=0.8113 spec=0.8428 sens=0.7898 prec=0.8341 npv=0.8004 | early_stop=3/15
2026-03-27 03:59:03 [INFO] lr=5e-05 | Epoch 103/500 | train_loss=0.4449 | train acc=0.8623 auc=0.9404 f1=0.8645 spec=0.8455 sens=0.8791 prec=0.8504 npv=0.8749 ||||| val_loss=0.4393 | val acc=0.8142 auc=0.9016 f1=0.8118 spec=0.8272 sens=0.8012 prec=0.8226 npv=0.8063 | early_stop=0/15
2026-03-27 04:00:16 [INFO] lr=5e-05 | Epoch 104/500 | train_loss=0.4420 | train acc=0.8623 auc=0.9419 f1=0.8643 spec=0.8484 sens=0.8761 prec=0.8529 npv=0.8722 ||||| val_loss=0.4422 | val acc=0.8112 auc=0.9022 f1=0.8054 spec=0.8411 sens=0.7813 prec=0.8310 npv=0.7937 | early_stop=1/15 | BEST_SAVE AUC=0.9022
2026-03-27 04:01:29 [INFO] lr=5e-05 | Epoch 105/500 | train_loss=0.4365 | train acc=0.8672 auc=0.9445 f1=0.8686 spec=0.8551 sens=0.8794 prec=0.8581 npv=0.8768 ||||| val_loss=0.4435 | val acc=0.8144 auc=0.9018 f1=0.8090 spec=0.8425 sens=0.7863 prec=0.8331 npv=0.7977 | early_stop=2/15
2026-03-27 04:02:52 [INFO] lr=5e-05 | Epoch 106/500 | train_loss=0.4397 | train acc=0.8635 auc=0.9431 f1=0.8651 spec=0.8509 sens=0.8762 prec=0.8542 npv=0.8733 ||||| val_loss=0.4370 | val acc=0.8164 auc=0.9036 f1=0.8128 spec=0.8359 sens=0.7970 prec=0.8292 npv=0.8046 | early_stop=0/15 | BEST_SAVE AUC=0.9036
2026-03-27 04:04:04 [INFO] lr=5e-05 | Epoch 107/500 | train_loss=0.4382 | train acc=0.8656 auc=0.9438 f1=0.8675 spec=0.8490 sens=0.8822 prec=0.8533 npv=0.8786 ||||| val_loss=0.4336 | val acc=0.8177 auc=0.9053 f1=0.8154 spec=0.8304 sens=0.8050 prec=0.8260 npv=0.8098 | early_stop=0/15 | BEST_SAVE AUC=0.9053
2026-03-27 04:05:14 [INFO] lr=5e-05 | Epoch 108/500 | train_loss=0.4348 | train acc=0.8673 auc=0.9454 f1=0.8693 spec=0.8549 sens=0.8797 prec=0.8591 npv=0.8759 ||||| val_loss=0.4350 | val acc=0.8214 auc=0.9053 f1=0.8176 spec=0.8425 sens=0.8004 prec=0.8356 npv=0.8084 | early_stop=1/15 | BEST_SAVE AUC=0.9053
2026-03-27 04:06:25 [INFO] lr=5e-05 | Epoch 109/500 | train_loss=0.4316 | train acc=0.8716 auc=0.9469 f1=0.8740 spec=0.8578 sens=0.8852 prec=0.8630 npv=0.8807 ||||| val_loss=0.4404 | val acc=0.8140 auc=0.9023 f1=0.8093 spec=0.8383 sens=0.7897 prec=0.8300 npv=0.7994 | early_stop=2/15
2026-03-27 04:07:38 [INFO] lr=5e-05 | Epoch 110/500 | train_loss=0.4329 | train acc=0.8682 auc=0.9465 f1=0.8703 spec=0.8540 sens=0.8823 prec=0.8587 npv=0.8783 ||||| val_loss=0.4383 | val acc=0.8163 auc=0.9036 f1=0.8114 spec=0.8427 sens=0.7900 prec=0.8339 npv=0.8005 | early_stop=3/15
2026-03-27 04:08:54 [INFO] lr=5e-05 | Epoch 111/500 | train_loss=0.4314 | train acc=0.8695 auc=0.9471 f1=0.8706 spec=0.8577 sens=0.8814 prec=0.8600 npv=0.8794 ||||| val_loss=0.4388 | val acc=0.8190 auc=0.9058 f1=0.8117 spec=0.8578 sens=0.7802 prec=0.8458 npv=0.7960 | early_stop=4/15 | BEST_SAVE AUC=0.9058
2026-03-27 04:10:17 [INFO] lr=5e-05 | Epoch 112/500 | train_loss=0.4282 | train acc=0.8714 auc=0.9487 f1=0.8728 spec=0.8588 sens=0.8840 prec=0.8619 npv=0.8814 ||||| val_loss=0.4372 | val acc=0.8213 auc=0.9058 f1=0.8157 spec=0.8515 sens=0.7910 prec=0.8420 npv=0.8029 | early_stop=5/15
2026-03-27 04:11:32 [INFO] lr=5e-05 | Epoch 113/500 | train_loss=0.4266 | train acc=0.8739 auc=0.9493 f1=0.8757 spec=0.8613 sens=0.8864 prec=0.8652 npv=0.8831 ||||| val_loss=0.4332 | val acc=0.8187 auc=0.9057 f1=0.8168 spec=0.8294 sens=0.8080 prec=0.8257 npv=0.8120 | early_stop=0/15
2026-03-27 04:12:43 [INFO] lr=5e-05 | Epoch 114/500 | train_loss=0.4237 | train acc=0.8737 auc=0.9509 f1=0.8745 spec=0.8599 sens=0.8878 prec=0.8617 npv=0.8863 ||||| val_loss=0.4458 | val acc=0.8194 auc=0.9033 f1=0.8134 spec=0.8517 sens=0.7871 prec=0.8414 npv=0.8000 | early_stop=1/15
2026-03-27 04:13:57 [INFO] lr=5e-05 | Epoch 115/500 | train_loss=0.4228 | train acc=0.8759 auc=0.9512 f1=0.8783 spec=0.8586 sens=0.8930 prec=0.8640 npv=0.8886 ||||| val_loss=0.4401 | val acc=0.8179 auc=0.9039 f1=0.8140 spec=0.8389 sens=0.7968 prec=0.8319 npv=0.8050 | early_stop=2/15
2026-03-27 04:15:16 [INFO] lr=5e-05 | Epoch 116/500 | train_loss=0.4235 | train acc=0.8748 auc=0.9510 f1=0.8775 spec=0.8567 sens=0.8927 prec=0.8629 npv=0.8878 ||||| val_loss=0.4485 | val acc=0.8164 auc=0.9029 f1=0.8088 spec=0.8561 sens=0.7768 prec=0.8437 npv=0.7932 | early_stop=3/15
2026-03-27 04:16:29 [INFO] lr=5e-05 | Epoch 117/500 | train_loss=0.4195 | train acc=0.8793 auc=0.9526 f1=0.8813 spec=0.8661 sens=0.8925 prec=0.8704 npv=0.8888 ||||| val_loss=0.4423 | val acc=0.8208 auc=0.9055 f1=0.8147 spec=0.8539 sens=0.7878 prec=0.8436 npv=0.8010 | early_stop=4/15
2026-03-27 04:17:42 [INFO] lr=5e-05 | Epoch 118/500 | train_loss=0.4192 | train acc=0.8780 auc=0.9529 f1=0.8798 spec=0.8635 sens=0.8925 prec=0.8674 npv=0.8893 ||||| val_loss=0.4380 | val acc=0.8209 auc=0.9050 f1=0.8161 spec=0.8473 sens=0.7946 prec=0.8388 npv=0.8049 | early_stop=5/15
2026-03-27 04:18:57 [INFO] lr=2.5e-05 | Epoch 119/500 | train_loss=0.4186 | train acc=0.8797 auc=0.9531 f1=0.8816 spec=0.8635 sens=0.8958 prec=0.8677 npv=0.8924 ||||| val_loss=0.4428 | val acc=0.8210 auc=0.9052 f1=0.8150 spec=0.8534 sens=0.7887 prec=0.8432 npv=0.8015 | early_stop=6/15
2026-03-27 04:20:12 [INFO] lr=2.5e-05 | Epoch 120/500 | train_loss=0.4181 | train acc=0.8804 auc=0.9532 f1=0.8822 spec=0.8667 sens=0.8941 prec=0.8706 npv=0.8909 ||||| val_loss=0.4387 | val acc=0.8220 auc=0.9073 f1=0.8160 spec=0.8547 sens=0.7893 prec=0.8446 npv=0.8023 | early_stop=7/15 | BEST_SAVE AUC=0.9073
2026-03-27 04:21:26 [INFO] lr=2.5e-05 | Epoch 121/500 | train_loss=0.4162 | train acc=0.8807 auc=0.9542 f1=0.8827 spec=0.8647 sens=0.8967 prec=0.8691 npv=0.8930 ||||| val_loss=0.4360 | val acc=0.8224 auc=0.9072 f1=0.8172 spec=0.8508 sens=0.7939 prec=0.8418 npv=0.8050 | early_stop=8/15
2026-03-27 04:22:38 [INFO] lr=2.5e-05 | Epoch 122/500 | train_loss=0.4156 | train acc=0.8807 auc=0.9544 f1=0.8836 spec=0.8637 sens=0.8975 prec=0.8701 npv=0.8922 ||||| val_loss=0.4373 | val acc=0.8214 auc=0.9065 f1=0.8151 spec=0.8552 sens=0.7875 prec=0.8447 npv=0.8010 | early_stop=9/15
2026-03-27 04:23:53 [INFO] lr=2.5e-05 | Epoch 123/500 | train_loss=0.4117 | train acc=0.8828 auc=0.9563 f1=0.8853 spec=0.8671 sens=0.8984 prec=0.8726 npv=0.8938 ||||| val_loss=0.4328 | val acc=0.8221 auc=0.9082 f1=0.8171 spec=0.8496 sens=0.7946 prec=0.8409 npv=0.8053 | early_stop=0/15 | BEST_SAVE AUC=0.9082
2026-03-27 04:25:08 [INFO] lr=2.5e-05 | Epoch 124/500 | train_loss=0.4133 | train acc=0.8824 auc=0.9555 f1=0.8833 spec=0.8686 sens=0.8964 prec=0.8706 npv=0.8947 ||||| val_loss=0.4344 | val acc=0.8185 auc=0.9064 f1=0.8145 spec=0.8400 sens=0.7970 prec=0.8328 npv=0.8053 | early_stop=1/15
2026-03-27 04:26:19 [INFO] lr=2.5e-05 | Epoch 125/500 | train_loss=0.4116 | train acc=0.8843 auc=0.9561 f1=0.8852 spec=0.8717 sens=0.8970 prec=0.8736 npv=0.8954 ||||| val_loss=0.4361 | val acc=0.8213 auc=0.9077 f1=0.8149 spec=0.8556 sens=0.7870 prec=0.8449 npv=0.8006 | early_stop=2/15
2026-03-27 04:27:32 [INFO] lr=2.5e-05 | Epoch 126/500 | train_loss=0.4064 | train acc=0.8869 auc=0.9585 f1=0.8885 spec=0.8735 sens=0.9003 prec=0.8770 npv=0.8974 ||||| val_loss=0.4362 | val acc=0.8221 auc=0.9077 f1=0.8180 spec=0.8447 sens=0.7995 prec=0.8374 npv=0.8082 | early_stop=3/15
2026-03-27 04:28:45 [INFO] lr=2.5e-05 | Epoch 127/500 | train_loss=0.4052 | train acc=0.8866 auc=0.9589 f1=0.8890 spec=0.8694 sens=0.9037 prec=0.8747 npv=0.8995 ||||| val_loss=0.4365 | val acc=0.8221 auc=0.9087 f1=0.8148 spec=0.8617 sens=0.7825 prec=0.8498 npv=0.7985 | early_stop=4/15 | BEST_SAVE AUC=0.9087
2026-03-27 04:29:59 [INFO] lr=2.5e-05 | Epoch 128/500 | train_loss=0.4066 | train acc=0.8865 auc=0.9584 f1=0.8881 spec=0.8715 sens=0.9015 prec=0.8751 npv=0.8985 ||||| val_loss=0.4320 | val acc=0.8248 auc=0.9091 f1=0.8194 spec=0.8549 sens=0.7948 prec=0.8456 npv=0.8064 | early_stop=0/15 | BEST_SAVE AUC=0.9091
2026-03-27 04:31:16 [INFO] lr=2.5e-05 | Epoch 129/500 | train_loss=0.4029 | train acc=0.8894 auc=0.9598 f1=0.8905 spec=0.8751 sens=0.9037 prec=0.8776 npv=0.9018 ||||| val_loss=0.4372 | val acc=0.8247 auc=0.9087 f1=0.8190 spec=0.8558 sens=0.7936 prec=0.8462 npv=0.8057 | early_stop=1/15
2026-03-27 04:32:29 [INFO] lr=2.5e-05 | Epoch 130/500 | train_loss=0.4051 | train acc=0.8884 auc=0.9589 f1=0.8902 spec=0.8740 sens=0.9028 prec=0.8778 npv=0.8996 ||||| val_loss=0.4376 | val acc=0.8253 auc=0.9079 f1=0.8202 spec=0.8534 sens=0.7971 prec=0.8446 npv=0.8079 | early_stop=2/15
2026-03-27 04:33:40 [INFO] lr=2.5e-05 | Epoch 131/500 | train_loss=0.4048 | train acc=0.8877 auc=0.9592 f1=0.8890 spec=0.8721 sens=0.9035 prec=0.8749 npv=0.9012 ||||| val_loss=0.4356 | val acc=0.8209 auc=0.9076 f1=0.8159 spec=0.8485 sens=0.7934 prec=0.8396 npv=0.8042 | early_stop=3/15
2026-03-27 04:34:51 [INFO] lr=2.5e-05 | Epoch 132/500 | train_loss=0.4035 | train acc=0.8887 auc=0.9595 f1=0.8903 spec=0.8753 sens=0.9021 prec=0.8789 npv=0.8991 ||||| val_loss=0.4360 | val acc=0.8236 auc=0.9078 f1=0.8179 spec=0.8547 sens=0.7924 prec=0.8451 npv=0.8046 | early_stop=4/15
2026-03-27 04:36:01 [INFO] lr=2.5e-05 | Epoch 133/500 | train_loss=0.3983 | train acc=0.8924 auc=0.9616 f1=0.8937 spec=0.8766 sens=0.9082 prec=0.8796 npv=0.9058 ||||| val_loss=0.4420 | val acc=0.8229 auc=0.9077 f1=0.8162 spec=0.8592 sens=0.7866 prec=0.8481 npv=0.8010 | early_stop=5/15
2026-03-27 04:37:13 [INFO] lr=1.25e-05 | Epoch 134/500 | train_loss=0.3998 | train acc=0.8902 auc=0.9611 f1=0.8923 spec=0.8739 sens=0.9064 prec=0.8786 npv=0.9026 ||||| val_loss=0.4383 | val acc=0.8253 auc=0.9090 f1=0.8180 spec=0.8656 sens=0.7851 prec=0.8538 npv=0.8011 | early_stop=6/15
2026-03-27 04:38:24 [INFO] lr=1.25e-05 | Epoch 135/500 | train_loss=0.4003 | train acc=0.8901 auc=0.9611 f1=0.8910 spec=0.8764 sens=0.9039 prec=0.8784 npv=0.9022 ||||| val_loss=0.4336 | val acc=0.8233 auc=0.9091 f1=0.8180 spec=0.8524 sens=0.7943 prec=0.8433 npv=0.8056 | early_stop=7/15 | BEST_SAVE AUC=0.9091
2026-03-27 04:39:36 [INFO] lr=1.25e-05 | Epoch 136/500 | train_loss=0.3976 | train acc=0.8929 auc=0.9621 f1=0.8944 spec=0.8772 sens=0.9087 prec=0.8805 npv=0.9061 ||||| val_loss=0.4372 | val acc=0.8235 auc=0.9083 f1=0.8175 spec=0.8564 sens=0.7905 prec=0.8463 npv=0.8035 | early_stop=8/15
2026-03-27 04:40:46 [INFO] lr=1.25e-05 | Epoch 137/500 | train_loss=0.3989 | train acc=0.8920 auc=0.9616 f1=0.8932 spec=0.8768 sens=0.9073 prec=0.8794 npv=0.9053 ||||| val_loss=0.4338 | val acc=0.8255 auc=0.9099 f1=0.8193 spec=0.8600 sens=0.7910 prec=0.8496 npv=0.8045 | early_stop=9/15 | BEST_SAVE AUC=0.9099
2026-03-27 04:41:57 [INFO] lr=1.25e-05 | Epoch 138/500 | train_loss=0.3972 | train acc=0.8932 auc=0.9621 f1=0.8951 spec=0.8796 sens=0.9066 prec=0.8839 npv=0.9031 ||||| val_loss=0.4303 | val acc=0.8239 auc=0.9097 f1=0.8193 spec=0.8496 sens=0.7982 prec=0.8415 npv=0.8080 | early_stop=0/15
2026-03-27 04:43:08 [INFO] lr=1.25e-05 | Epoch 139/500 | train_loss=0.3950 | train acc=0.8958 auc=0.9630 f1=0.8970 spec=0.8822 sens=0.9094 prec=0.8850 npv=0.9071 ||||| val_loss=0.4311 | val acc=0.8252 auc=0.9098 f1=0.8199 spec=0.8546 sens=0.7958 prec=0.8455 npv=0.8071 | early_stop=1/15
2026-03-27 04:44:20 [INFO] lr=1.25e-05 | Epoch 140/500 | train_loss=0.3910 | train acc=0.8972 auc=0.9647 f1=0.8985 spec=0.8854 sens=0.9091 prec=0.8881 npv=0.9069 ||||| val_loss=0.4284 | val acc=0.8249 auc=0.9101 f1=0.8214 spec=0.8445 sens=0.8053 prec=0.8382 npv=0.8127 | early_stop=0/15 | BEST_SAVE AUC=0.9101
2026-03-27 04:45:33 [INFO] lr=1.25e-05 | Epoch 141/500 | train_loss=0.3920 | train acc=0.8968 auc=0.9642 f1=0.8975 spec=0.8834 sens=0.9103 prec=0.8850 npv=0.9091 ||||| val_loss=0.4364 | val acc=0.8239 auc=0.9095 f1=0.8164 spec=0.8646 sens=0.7832 prec=0.8526 npv=0.7995 | early_stop=1/15
2026-03-27 04:46:44 [INFO] lr=1.25e-05 | Epoch 142/500 | train_loss=0.3930 | train acc=0.8955 auc=0.9639 f1=0.8971 spec=0.8808 sens=0.9102 prec=0.8843 npv=0.9074 ||||| val_loss=0.4373 | val acc=0.8211 auc=0.9086 f1=0.8143 spec=0.8580 sens=0.7842 prec=0.8467 npv=0.7991 | early_stop=2/15
2026-03-27 04:47:55 [INFO] lr=1.25e-05 | Epoch 143/500 | train_loss=0.3898 | train acc=0.9000 auc=0.9649 f1=0.9011 spec=0.8880 sens=0.9122 prec=0.8904 npv=0.9102 ||||| val_loss=0.4342 | val acc=0.8244 auc=0.9099 f1=0.8190 spec=0.8541 sens=0.7948 prec=0.8449 npv=0.8063 | early_stop=3/15
2026-03-27 04:49:09 [INFO] lr=1.25e-05 | Epoch 144/500 | train_loss=0.3904 | train acc=0.8961 auc=0.9649 f1=0.8975 spec=0.8813 sens=0.9110 prec=0.8844 npv=0.9085 ||||| val_loss=0.4308 | val acc=0.8229 auc=0.9098 f1=0.8185 spec=0.8473 sens=0.7985 prec=0.8394 npv=0.8079 | early_stop=4/15
2026-03-27 04:50:29 [INFO] lr=1.25e-05 | Epoch 145/500 | train_loss=0.3905 | train acc=0.8981 auc=0.9648 f1=0.9003 spec=0.8835 sens=0.9125 prec=0.8885 npv=0.9084 ||||| val_loss=0.4295 | val acc=0.8243 auc=0.9103 f1=0.8205 spec=0.8459 sens=0.8028 prec=0.8390 npv=0.8109 | early_stop=5/15 | BEST_SAVE AUC=0.9103
2026-03-27 04:51:39 [INFO] lr=6.25e-06 | Epoch 146/500 | train_loss=0.3897 | train acc=0.8982 auc=0.9653 f1=0.8993 spec=0.8852 sens=0.9113 prec=0.8877 npv=0.9093 ||||| val_loss=0.4327 | val acc=0.8203 auc=0.9091 f1=0.8157 spec=0.8456 sens=0.7951 prec=0.8374 npv=0.8049 | early_stop=6/15
2026-03-27 04:52:49 [INFO] lr=6.25e-06 | Epoch 147/500 | train_loss=0.3903 | train acc=0.8976 auc=0.9650 f1=0.8981 spec=0.8855 sens=0.9098 prec=0.8868 npv=0.9088 ||||| val_loss=0.4377 | val acc=0.8239 auc=0.9089 f1=0.8168 spec=0.8629 sens=0.7849 prec=0.8513 npv=0.8005 | early_stop=7/15
2026-03-27 04:54:00 [INFO] lr=6.25e-06 | Epoch 148/500 | train_loss=0.3885 | train acc=0.9001 auc=0.9657 f1=0.9018 spec=0.8868 sens=0.9134 prec=0.8906 npv=0.9103 ||||| val_loss=0.4302 | val acc=0.8237 auc=0.9099 f1=0.8199 spec=0.8451 sens=0.8024 prec=0.8382 npv=0.8105 | early_stop=8/15
2026-03-27 04:55:11 [INFO] lr=6.25e-06 | Epoch 149/500 | train_loss=0.3852 | train acc=0.9018 auc=0.9667 f1=0.9034 spec=0.8872 sens=0.9162 prec=0.8910 npv=0.9132 ||||| val_loss=0.4328 | val acc=0.8266 auc=0.9095 f1=0.8217 spec=0.8544 sens=0.7988 prec=0.8458 npv=0.8094 | early_stop=9/15
2026-03-27 04:56:20 [INFO] lr=6.25e-06 | Epoch 150/500 | train_loss=0.3836 | train acc=0.9012 auc=0.9676 f1=0.9024 spec=0.8889 sens=0.9134 prec=0.8918 npv=0.9110 ||||| val_loss=0.4343 | val acc=0.8255 auc=0.9096 f1=0.8201 spec=0.8554 sens=0.7956 prec=0.8462 npv=0.8071 | early_stop=10/15
2026-03-27 04:57:31 [INFO] lr=6.25e-06 | Epoch 151/500 | train_loss=0.3845 | train acc=0.9020 auc=0.9671 f1=0.9025 spec=0.8910 sens=0.9132 prec=0.8920 npv=0.9124 ||||| val_loss=0.4321 | val acc=0.8242 auc=0.9098 f1=0.8193 spec=0.8510 sens=0.7973 prec=0.8425 npv=0.8076 | early_stop=11/15
2026-03-27 04:58:42 [INFO] lr=3.125e-06 | Epoch 152/500 | train_loss=0.3882 | train acc=0.8985 auc=0.9656 f1=0.8996 spec=0.8859 sens=0.9112 prec=0.8882 npv=0.9093 ||||| val_loss=0.4324 | val acc=0.8249 auc=0.9100 f1=0.8197 spec=0.8539 sens=0.7960 prec=0.8449 npv=0.8071 | early_stop=12/15
2026-03-27 04:59:52 [INFO] lr=3.125e-06 | Epoch 153/500 | train_loss=0.3852 | train acc=0.9015 auc=0.9668 f1=0.9022 spec=0.8879 sens=0.9153 prec=0.8893 npv=0.9142 ||||| val_loss=0.4316 | val acc=0.8241 auc=0.9102 f1=0.8189 spec=0.8525 sens=0.7956 prec=0.8436 npv=0.8066 | early_stop=13/15
2026-03-27 05:01:03 [INFO] lr=3.125e-06 | Epoch 154/500 | train_loss=0.3840 | train acc=0.9024 auc=0.9673 f1=0.9028 spec=0.8906 sens=0.9143 prec=0.8916 npv=0.9135 ||||| val_loss=0.4368 | val acc=0.8249 auc=0.9097 f1=0.8190 spec=0.8576 sens=0.7922 prec=0.8477 npv=0.8050 | early_stop=14/15
2026-03-27 05:02:13 [INFO] lr=3.125e-06 | Epoch 155/500 | train_loss=0.3823 | train acc=0.9028 auc=0.9678 f1=0.9042 spec=0.8879 sens=0.9178 prec=0.8909 npv=0.9155 ||||| val_loss=0.4400 | val acc=0.8239 auc=0.9095 f1=0.8163 spec=0.8651 sens=0.7827 prec=0.8530 npv=0.7992 | early_stop=15/15
2026-03-27 05:02:13 [INFO] Early stopping triggered at epoch 155 (no improvement for 15 epochs)
2026-03-27 05:02:13 [INFO] DONE | 最佳验证 AUC=0.9103
